#
# A fatal error has been detected by the Java Runtime Environment:
#
#  Internal Error (classFileParser.cpp:3494), pid=4939, tid=140306461570816
#  Error: ShouldNotReachHere()
#
# JRE version: 6.0_27-b27
# Java VM: OpenJDK 64-Bit Server VM (20.0-b12 mixed mode linux-amd64 compressed oops)
# Derivative: IcedTea6 1.12.6
# Distribution: Ubuntu 12.04 LTS, package 6b27-1.12.6-1ubuntu0.12.04.4
# If you would like to submit a bug report, please include
# instructions how to reproduce the bug and visit:
#   https://bugs.launchpad.net/ubuntu/+source/openjdk-6/
#

---------------  T H R E A D  ---------------

Current thread (0x00007f9b9c007800):  JavaThread "Unknown thread" [_thread_in_vm, id=4942, stack(0x00007f9ba4bd3000,0x00007f9ba4cd4000)]

Stack: [0x00007f9ba4bd3000,0x00007f9ba4cd4000],  sp=0x00007f9ba4cd2080,  free space=1020k
Native frames: (J=compiled Java code, j=interpreted, Vv=VM code, C=native code)
V  [libjvm.so+0x782b85]  VMError::report(outputStream*)+0x1255
V  [libjvm.so+0x782e09]  VMError::report_and_die()+0x169
V  [libjvm.so+0x3ba51a]  report_vm_error(char const*, int, char const*, char const*)+0x4a
V  [libjvm.so+0x3508f5]  ClassFileParser::parseClassFile(symbolHandle, Handle, Handle, KlassHandle, GrowableArray<Handle>*, symbolHandle&, bool, Thread*)+0x1555
V  [libjvm.so+0x354b63]  ClassLoader::load_classfile(symbolHandle, Thread*)+0x1f3
V  [libjvm.so+0x71ad84]  SystemDictionary::load_instance_class(symbolHandle, Handle, Thread*)+0x354
V  [libjvm.so+0x719480]  SystemDictionary::resolve_instance_class_or_null(symbolHandle, Handle, Handle, Thread*)+0x7c0
V  [libjvm.so+0x71b413]  SystemDictionary::resolve_or_fail(symbolHandle, Handle, Handle, bool, Thread*)+0x33
V  [libjvm.so+0x71b4f4]  SystemDictionary::resolve_or_fail(symbolHandle, bool, Thread*)+0x14
V  [libjvm.so+0x71b5a0]  SystemDictionary::initialize_wk_klass(SystemDictionary::WKID, int, Thread*)+0xa0
V  [libjvm.so+0x71b609]  SystemDictionary::initialize_wk_klasses_until(SystemDictionary::WKID, SystemDictionary::WKID&, Thread*)+0x59
V  [libjvm.so+0x71b701]  SystemDictionary::initialize_preloaded_classes(Thread*)+0x71
V  [libjvm.so+0x75ee1f]  Universe::genesis(Thread*)+0x11f
V  [libjvm.so+0x75f7cf]  universe2_init()+0x1f
V  [libjvm.so+0x472de5]  init_globals()+0x95
V  [libjvm.so+0x74961a]  Threads::create_vm(JavaVMInitArgs*, bool*)+0x1ea
V  [libjvm.so+0x4cccb1]  JNI_CreateJavaVM+0x61
C  [java+0x31ae]  JavaMain+0x7e


---------------  P R O C E S S  ---------------

Java Threads: ( => current thread )

Other Threads:

=>0x00007f9b9c007800 (exited) JavaThread "Unknown thread" [_thread_in_vm, id=4942, stack(0x00007f9ba4bd3000,0x00007f9ba4cd4000)]

VM state:not at safepoint (not fully initialized)

VM Mutex/Monitor currently owned by a thread: None

Dynamic libraries:
00400000-00409000 r-xp 00000000 08:05 1448104                            /usr/lib/jvm/java-6-openjdk-amd64/jre/bin/java
00608000-00609000 r--p 00008000 08:05 1448104                            /usr/lib/jvm/java-6-openjdk-amd64/jre/bin/java
00609000-0060a000 rw-p 00009000 08:05 1448104                            /usr/lib/jvm/java-6-openjdk-amd64/jre/bin/java
02451000-02472000 rw-p 00000000 00:00 0                                  [heap]
bc800000-bdcc0000 rw-p 00000000 00:00 0 
bdcc0000-c6e00000 rw-p 00000000 00:00 0 
c6e00000-c9420000 rw-p 00000000 00:00 0 
c9420000-ecf60000 rw-p 00000000 00:00 0 
ecf60000-ee260000 rw-p 00000000 00:00 0 
ee260000-100000000 rw-p 00000000 00:00 0 
7f9b8c000000-7f9b8c021000 rw-p 00000000 00:00 0 
7f9b8c021000-7f9b90000000 ---p 00000000 00:00 0 
7f9b94000000-7f9b94021000 rw-p 00000000 00:00 0 
7f9b94021000-7f9b98000000 ---p 00000000 00:00 0 
7f9b99000000-7f9b99270000 rwxp 00000000 00:00 0 
7f9b99270000-7f9b9c080000 rw-p 00000000 00:00 0 
7f9b9c080000-7f9ba0000000 ---p 00000000 00:00 0 
7f9ba13cd000-7f9ba14a4000 r--s 013f2000 08:05 669417                     /home/tika/eclipse/sdk/platforms/android-19/android.jar
7f9ba14a4000-7f9ba14cc000 rw-p 00000000 00:00 0 
7f9ba14cc000-7f9ba14cd000 ---p 00000000 00:00 0 
7f9ba14cd000-7f9ba15cd000 rw-p 00000000 00:00 0                          [stack:4946]
7f9ba15cd000-7f9ba15ce000 ---p 00000000 00:00 0 
7f9ba15ce000-7f9ba16d9000 rw-p 00000000 00:00 0                          [stack:4945]
7f9ba16d9000-7f9ba1721000 rw-p 00000000 00:00 0 
7f9ba1721000-7f9ba1735000 rw-p 00000000 00:00 0 
7f9ba1735000-7f9ba1852000 rw-p 00000000 00:00 0 
7f9ba1852000-7f9ba185d000 rw-p 00000000 00:00 0 
7f9ba185d000-7f9ba18a5000 rw-p 00000000 00:00 0 
7f9ba18a5000-7f9ba18b9000 rw-p 00000000 00:00 0 
7f9ba18b9000-7f9ba19d5000 rw-p 00000000 00:00 0 
7f9ba19d5000-7f9ba19e0000 rw-p 00000000 00:00 0 
7f9ba19e0000-7f9ba1a6e000 rw-p 00000000 00:00 0 
7f9ba1a6e000-7f9ba1a6f000 rw-p 00000000 00:00 0 
7f9ba1a6f000-7f9ba1a76000 r-xp 00000000 08:05 1448053                    /usr/lib/jvm/java-6-openjdk-amd64/jre/lib/amd64/libzip.so
7f9ba1a76000-7f9ba1c75000 ---p 00007000 08:05 1448053                    /usr/lib/jvm/java-6-openjdk-amd64/jre/lib/amd64/libzip.so
7f9ba1c75000-7f9ba1c76000 r--p 00006000 08:05 1448053                    /usr/lib/jvm/java-6-openjdk-amd64/jre/lib/amd64/libzip.so
7f9ba1c76000-7f9ba1c77000 rw-p 00007000 08:05 1448053                    /usr/lib/jvm/java-6-openjdk-amd64/jre/lib/amd64/libzip.so
7f9ba1c77000-7f9ba1c83000 r-xp 00000000 08:05 791086                     /lib/x86_64-linux-gnu/libnss_files-2.15.so
7f9ba1c83000-7f9ba1e82000 ---p 0000c000 08:05 791086                     /lib/x86_64-linux-gnu/libnss_files-2.15.so
7f9ba1e82000-7f9ba1e83000 r--p 0000b000 08:05 791086                     /lib/x86_64-linux-gnu/libnss_files-2.15.so
7f9ba1e83000-7f9ba1e84000 rw-p 0000c000 08:05 791086                     /lib/x86_64-linux-gnu/libnss_files-2.15.so
7f9ba1e84000-7f9ba1e8e000 r-xp 00000000 08:05 791187                     /lib/x86_64-linux-gnu/libnss_nis-2.15.so
7f9ba1e8e000-7f9ba208e000 ---p 0000a000 08:05 791187                     /lib/x86_64-linux-gnu/libnss_nis-2.15.so
7f9ba208e000-7f9ba208f000 r--p 0000a000 08:05 791187                     /lib/x86_64-linux-gnu/libnss_nis-2.15.so
7f9ba208f000-7f9ba2090000 rw-p 0000b000 08:05 791187                     /lib/x86_64-linux-gnu/libnss_nis-2.15.so
7f9ba2090000-7f9ba20a7000 r-xp 00000000 08:05 792272                     /lib/x86_64-linux-gnu/libnsl-2.15.so
7f9ba20a7000-7f9ba22a6000 ---p 00017000 08:05 792272                     /lib/x86_64-linux-gnu/libnsl-2.15.so
7f9ba22a6000-7f9ba22a7000 r--p 00016000 08:05 792272                     /lib/x86_64-linux-gnu/libnsl-2.15.so
7f9ba22a7000-7f9ba22a8000 rw-p 00017000 08:05 792272                     /lib/x86_64-linux-gnu/libnsl-2.15.so
7f9ba22a8000-7f9ba22aa000 rw-p 00000000 00:00 0 
7f9ba22aa000-7f9ba22b2000 r-xp 00000000 08:05 791082                     /lib/x86_64-linux-gnu/libnss_compat-2.15.so
7f9ba22b2000-7f9ba24b1000 ---p 00008000 08:05 791082                     /lib/x86_64-linux-gnu/libnss_compat-2.15.so
7f9ba24b1000-7f9ba24b2000 r--p 00007000 08:05 791082                     /lib/x86_64-linux-gnu/libnss_compat-2.15.so
7f9ba24b2000-7f9ba24b3000 rw-p 00008000 08:05 791082                     /lib/x86_64-linux-gnu/libnss_compat-2.15.so
7f9ba24b3000-7f9ba24df000 r-xp 00000000 08:05 1448049                    /usr/lib/jvm/java-6-openjdk-amd64/jre/lib/amd64/libjava.so
7f9ba24df000-7f9ba26de000 ---p 0002c000 08:05 1448049                    /usr/lib/jvm/java-6-openjdk-amd64/jre/lib/amd64/libjava.so
7f9ba26de000-7f9ba26df000 r--p 0002b000 08:05 1448049                    /usr/lib/jvm/java-6-openjdk-amd64/jre/lib/amd64/libjava.so
7f9ba26df000-7f9ba26e2000 rw-p 0002c000 08:05 1448049                    /usr/lib/jvm/java-6-openjdk-amd64/jre/lib/amd64/libjava.so
7f9ba26e2000-7f9ba26f0000 r-xp 00000000 08:05 1448062                    /usr/lib/jvm/java-6-openjdk-amd64/jre/lib/amd64/libverify.so
7f9ba26f0000-7f9ba28ef000 ---p 0000e000 08:05 1448062                    /usr/lib/jvm/java-6-openjdk-amd64/jre/lib/amd64/libverify.so
7f9ba28ef000-7f9ba28f1000 r--p 0000d000 08:05 1448062                    /usr/lib/jvm/java-6-openjdk-amd64/jre/lib/amd64/libverify.so
7f9ba28f1000-7f9ba28f2000 rw-p 0000f000 08:05 1448062                    /usr/lib/jvm/java-6-openjdk-amd64/jre/lib/amd64/libverify.so
7f9ba28f2000-7f9ba28f9000 r-xp 00000000 08:05 791186                     /lib/x86_64-linux-gnu/librt-2.15.so
7f9ba28f9000-7f9ba2af8000 ---p 00007000 08:05 791186                     /lib/x86_64-linux-gnu/librt-2.15.so
7f9ba2af8000-7f9ba2af9000 r--p 00006000 08:05 791186                     /lib/x86_64-linux-gnu/librt-2.15.so
7f9ba2af9000-7f9ba2afa000 rw-p 00007000 08:05 791186                     /lib/x86_64-linux-gnu/librt-2.15.so
7f9ba2afa000-7f9ba2b0f000 r-xp 00000000 08:05 790413                     /lib/x86_64-linux-gnu/libgcc_s.so.1
7f9ba2b0f000-7f9ba2d0e000 ---p 00015000 08:05 790413                     /lib/x86_64-linux-gnu/libgcc_s.so.1
7f9ba2d0e000-7f9ba2d0f000 r--p 00014000 08:05 790413                     /lib/x86_64-linux-gnu/libgcc_s.so.1
7f9ba2d0f000-7f9ba2d10000 rw-p 00015000 08:05 790413                     /lib/x86_64-linux-gnu/libgcc_s.so.1
7f9ba2d10000-7f9ba2e0b000 r-xp 00000000 08:05 791216                     /lib/x86_64-linux-gnu/libm-2.15.so
7f9ba2e0b000-7f9ba300a000 ---p 000fb000 08:05 791216                     /lib/x86_64-linux-gnu/libm-2.15.so
7f9ba300a000-7f9ba300b000 r--p 000fa000 08:05 791216                     /lib/x86_64-linux-gnu/libm-2.15.so
7f9ba300b000-7f9ba300c000 rw-p 000fb000 08:05 791216                     /lib/x86_64-linux-gnu/libm-2.15.so
7f9ba300c000-7f9ba30ee000 r-xp 00000000 08:05 1450464                    /usr/lib/x86_64-linux-gnu/libstdc++.so.6.0.16
7f9ba30ee000-7f9ba32ed000 ---p 000e2000 08:05 1450464                    /usr/lib/x86_64-linux-gnu/libstdc++.so.6.0.16
7f9ba32ed000-7f9ba32f5000 r--p 000e1000 08:05 1450464                    /usr/lib/x86_64-linux-gnu/libstdc++.so.6.0.16
7f9ba32f5000-7f9ba32f7000 rw-p 000e9000 08:05 1450464                    /usr/lib/x86_64-linux-gnu/libstdc++.so.6.0.16
7f9ba32f7000-7f9ba330c000 rw-p 00000000 00:00 0 
7f9ba330c000-7f9ba3c0c000 r-xp 00000000 08:05 1448077                    /usr/lib/jvm/java-6-openjdk-amd64/jre/lib/amd64/server/libjvm.so
7f9ba3c0c000-7f9ba3e0c000 ---p 00900000 08:05 1448077                    /usr/lib/jvm/java-6-openjdk-amd64/jre/lib/amd64/server/libjvm.so
7f9ba3e0c000-7f9ba3e8d000 r--p 00900000 08:05 1448077                    /usr/lib/jvm/java-6-openjdk-amd64/jre/lib/amd64/server/libjvm.so
7f9ba3e8d000-7f9ba3ea8000 rw-p 00981000 08:05 1448077                    /usr/lib/jvm/java-6-openjdk-amd64/jre/lib/amd64/server/libjvm.so
7f9ba3ea8000-7f9ba3ed1000 rw-p 00000000 00:00 0 
7f9ba3ed1000-7f9ba3ee7000 r-xp 00000000 08:05 790503                     /lib/x86_64-linux-gnu/libz.so.1.2.3.4
7f9ba3ee7000-7f9ba40e6000 ---p 00016000 08:05 790503                     /lib/x86_64-linux-gnu/libz.so.1.2.3.4
7f9ba40e6000-7f9ba40e7000 r--p 00015000 08:05 790503                     /lib/x86_64-linux-gnu/libz.so.1.2.3.4
7f9ba40e7000-7f9ba40e8000 rw-p 00016000 08:05 790503                     /lib/x86_64-linux-gnu/libz.so.1.2.3.4
7f9ba40e8000-7f9ba429d000 r-xp 00000000 08:05 790833                     /lib/x86_64-linux-gnu/libc-2.15.so
7f9ba429d000-7f9ba449d000 ---p 001b5000 08:05 790833                     /lib/x86_64-linux-gnu/libc-2.15.so
7f9ba449d000-7f9ba44a1000 r--p 001b5000 08:05 790833                     /lib/x86_64-linux-gnu/libc-2.15.so
7f9ba44a1000-7f9ba44a3000 rw-p 001b9000 08:05 790833                     /lib/x86_64-linux-gnu/libc-2.15.so
7f9ba44a3000-7f9ba44a8000 rw-p 00000000 00:00 0 
7f9ba44a8000-7f9ba44aa000 r-xp 00000000 08:05 791292                     /lib/x86_64-linux-gnu/libdl-2.15.so
7f9ba44aa000-7f9ba46aa000 ---p 00002000 08:05 791292                     /lib/x86_64-linux-gnu/libdl-2.15.so
7f9ba46aa000-7f9ba46ab000 r--p 00002000 08:05 791292                     /lib/x86_64-linux-gnu/libdl-2.15.so
7f9ba46ab000-7f9ba46ac000 rw-p 00003000 08:05 791292                     /lib/x86_64-linux-gnu/libdl-2.15.so
7f9ba46ac000-7f9ba46b0000 r-xp 00000000 08:05 1448083                    /usr/lib/jvm/java-6-openjdk-amd64/jre/lib/amd64/jli/libjli.so
7f9ba46b0000-7f9ba48af000 ---p 00004000 08:05 1448083                    /usr/lib/jvm/java-6-openjdk-amd64/jre/lib/amd64/jli/libjli.so
7f9ba48af000-7f9ba48b0000 r--p 00003000 08:05 1448083                    /usr/lib/jvm/java-6-openjdk-amd64/jre/lib/amd64/jli/libjli.so
7f9ba48b0000-7f9ba48b1000 rw-p 00004000 08:05 1448083                    /usr/lib/jvm/java-6-openjdk-amd64/jre/lib/amd64/jli/libjli.so
7f9ba48b1000-7f9ba48c9000 r-xp 00000000 08:05 791214                     /lib/x86_64-linux-gnu/libpthread-2.15.so
7f9ba48c9000-7f9ba4ac8000 ---p 00018000 08:05 791214                     /lib/x86_64-linux-gnu/libpthread-2.15.so
7f9ba4ac8000-7f9ba4ac9000 r--p 00017000 08:05 791214                     /lib/x86_64-linux-gnu/libpthread-2.15.so
7f9ba4ac9000-7f9ba4aca000 rw-p 00018000 08:05 791214                     /lib/x86_64-linux-gnu/libpthread-2.15.so
7f9ba4aca000-7f9ba4ace000 rw-p 00000000 00:00 0 
7f9ba4ace000-7f9ba4af0000 r-xp 00000000 08:05 791218                     /lib/x86_64-linux-gnu/ld-2.15.so
7f9ba4b13000-7f9ba4b1d000 rw-p 00000000 00:00 0 
7f9ba4b1d000-7f9ba4bd3000 rw-p 00000000 00:00 0 
7f9ba4bd3000-7f9ba4bd6000 ---p 00000000 00:00 0 
7f9ba4bd6000-7f9ba4cd9000 rw-p 00000000 00:00 0                          [stack:4942]
7f9ba4ce4000-7f9ba4cec000 rw-s 00000000 08:05 1973933                    /tmp/hsperfdata_tika/4939
7f9ba4cec000-7f9ba4ced000 rw-p 00000000 00:00 0 
7f9ba4ced000-7f9ba4cee000 r--p 00000000 00:00 0 
7f9ba4cee000-7f9ba4cf0000 rw-p 00000000 00:00 0 
7f9ba4cf0000-7f9ba4cf1000 r--p 00022000 08:05 791218                     /lib/x86_64-linux-gnu/ld-2.15.so
7f9ba4cf1000-7f9ba4cf3000 rw-p 00023000 08:05 791218                     /lib/x86_64-linux-gnu/ld-2.15.so
7fffc9baa000-7fffc9bcb000 rw-p 00000000 00:00 0                          [stack]
7fffc9bfe000-7fffc9c00000 r-xp 00000000 00:00 0                          [vdso]
ffffffffff600000-ffffffffff601000 r-xp 00000000 00:00 0                  [vsyscall]

VM Arguments:
jvm_args: -Dfile.encoding=UTF-8 -Xbootclasspath:/home/tika/eclipse/sdk/platforms/android-19/android.jar 
java_command: edu.gatech.financialapplication.DateGrabber
Launcher Type: SUN_STANDARD

Environment Variables:
PATH=/usr/lib/lightdm/lightdm:/usr/local/sbin:/usr/local/bin:/usr/sbin:/usr/bin:/sbin:/bin:/usr/games
LD_LIBRARY_PATH=/usr/lib/jvm/java-6-openjdk-amd64/jre/lib/amd64/server:/usr/lib/jvm/java-6-openjdk-amd64/jre/lib/amd64:/usr/lib/jvm/java-6-openjdk-amd64/jre/../lib/amd64
SHELL=/bin/bash
DISPLAY=:0.0

Signal Handlers:
SIGSEGV: [libjvm.so+0x7837c0], sa_mask[0]=0x7ffbfeff, sa_flags=0x10000004
SIGBUS: [libjvm.so+0x7837c0], sa_mask[0]=0x7ffbfeff, sa_flags=0x10000004
SIGFPE: [libjvm.so+0x647740], sa_mask[0]=0x7ffbfeff, sa_flags=0x10000004
SIGPIPE: [libjvm.so+0x647740], sa_mask[0]=0x7ffbfeff, sa_flags=0x10000004
SIGXFSZ: [libjvm.so+0x647740], sa_mask[0]=0x7ffbfeff, sa_flags=0x10000004
SIGILL: [libjvm.so+0x647740], sa_mask[0]=0x7ffbfeff, sa_flags=0x10000004
SIGUSR1: SIG_DFL, sa_mask[0]=0x00000000, sa_flags=0x00000000
SIGUSR2: [libjvm.so+0x647920], sa_mask[0]=0x00000004, sa_flags=0x10000004
SIGHUP: SIG_DFL, sa_mask[0]=0x00000000, sa_flags=0x00000000
SIGINT: SIG_DFL, sa_mask[0]=0x00000000, sa_flags=0x00000000
SIGTERM: SIG_DFL, sa_mask[0]=0x00000000, sa_flags=0x00000000
SIGQUIT: SIG_DFL, sa_mask[0]=0x00000000, sa_flags=0x00000000


---------------  S Y S T E M  ---------------

OS:Ubuntu 12.04 (precise)
uname:Linux 3.8.0-34-generic #49~precise1-Ubuntu SMP Wed Nov 13 18:05:00 UTC 2013 x86_64
libc:glibc 2.15 NPTL 2.15 
rlimit: STACK 8192k, CORE 0k, NPROC 29072, NOFILE 4096, AS infinity
load average:0.73 0.67 0.71

/proc/meminfo:
MemTotal:        3740224 kB
MemFree:          109744 kB
Buffers:           14072 kB
Cached:           720680 kB
SwapCached:        36528 kB
Active:          2564420 kB
Inactive:         872256 kB
Active(anon):    2398956 kB
Inactive(anon):   735144 kB
Active(file):     165464 kB
Inactive(file):   137112 kB
Unevictable:          16 kB
Mlocked:              16 kB
SwapTotal:       3878908 kB
SwapFree:        3822200 kB
Dirty:               172 kB
Writeback:             0 kB
AnonPages:       2666172 kB
Mapped:           217976 kB
Shmem:            432132 kB
Slab:              90984 kB
SReclaimable:      61292 kB
SUnreclaim:        29692 kB
KernelStack:        4192 kB
PageTables:        42724 kB
NFS_Unstable:          0 kB
Bounce:                0 kB
WritebackTmp:          0 kB
CommitLimit:     5749020 kB
Committed_AS:    6606076 kB
VmallocTotal:   34359738367 kB
VmallocUsed:      348072 kB
VmallocChunk:   34359386588 kB
HardwareCorrupted:     0 kB
AnonHugePages:         0 kB
HugePages_Total:       0
HugePages_Free:        0
HugePages_Rsvd:        0
HugePages_Surp:        0
Hugepagesize:       2048 kB
DirectMap4k:       55296 kB
DirectMap2M:     3846144 kB


CPU:total 2 (2 cores per cpu, 1 threads per core) family 6 model 58 stepping 9, cmov, cx8, fxsr, mmx, sse, sse2, sse3, ssse3, sse4.1, sse4.2, popcnt

Memory: 4k page, physical 3740224k(109744k free), swap 3878908k(3822200k free)

vm_info: OpenJDK 64-Bit Server VM (20.0-b12) for linux-amd64 JRE (1.6.0_27-b27), built on Nov 16 2013 15:13:05 by "buildd" with gcc 4.6.3

time: Thu Mar 20 12:05:12 2014
elapsed time: 0 seconds

