#
# A fatal error has been detected by the Java Runtime Environment:
#
#  Internal Error (classFileParser.cpp:3494), pid=4970, tid=140461839283968
#  Error: ShouldNotReachHere()
#
# JRE version: 6.0_27-b27
# Java VM: OpenJDK 64-Bit Server VM (20.0-b12 mixed mode linux-amd64 compressed oops)
# Derivative: IcedTea6 1.12.6
# Distribution: Ubuntu 12.04 LTS, package 6b27-1.12.6-1ubuntu0.12.04.4
# If you would like to submit a bug report, please include
# instructions how to reproduce the bug and visit:
#   https://bugs.launchpad.net/ubuntu/+source/openjdk-6/
#

---------------  T H R E A D  ---------------

Current thread (0x00007fbfc8007800):  JavaThread "Unknown thread" [_thread_in_vm, id=4978, stack(0x00007fbfd1f8f000,0x00007fbfd2090000)]

Stack: [0x00007fbfd1f8f000,0x00007fbfd2090000],  sp=0x00007fbfd208e080,  free space=1020k
Native frames: (J=compiled Java code, j=interpreted, Vv=VM code, C=native code)
V  [libjvm.so+0x782b85]  VMError::report(outputStream*)+0x1255
V  [libjvm.so+0x782e09]  VMError::report_and_die()+0x169
V  [libjvm.so+0x3ba51a]  report_vm_error(char const*, int, char const*, char const*)+0x4a
V  [libjvm.so+0x3508f5]  ClassFileParser::parseClassFile(symbolHandle, Handle, Handle, KlassHandle, GrowableArray<Handle>*, symbolHandle&, bool, Thread*)+0x1555
V  [libjvm.so+0x354b63]  ClassLoader::load_classfile(symbolHandle, Thread*)+0x1f3
V  [libjvm.so+0x71ad84]  SystemDictionary::load_instance_class(symbolHandle, Handle, Thread*)+0x354
V  [libjvm.so+0x719480]  SystemDictionary::resolve_instance_class_or_null(symbolHandle, Handle, Handle, Thread*)+0x7c0
V  [libjvm.so+0x71b413]  SystemDictionary::resolve_or_fail(symbolHandle, Handle, Handle, bool, Thread*)+0x33
V  [libjvm.so+0x71b4f4]  SystemDictionary::resolve_or_fail(symbolHandle, bool, Thread*)+0x14
V  [libjvm.so+0x71b5a0]  SystemDictionary::initialize_wk_klass(SystemDictionary::WKID, int, Thread*)+0xa0
V  [libjvm.so+0x71b609]  SystemDictionary::initialize_wk_klasses_until(SystemDictionary::WKID, SystemDictionary::WKID&, Thread*)+0x59
V  [libjvm.so+0x71b701]  SystemDictionary::initialize_preloaded_classes(Thread*)+0x71
V  [libjvm.so+0x75ee1f]  Universe::genesis(Thread*)+0x11f
V  [libjvm.so+0x75f7cf]  universe2_init()+0x1f
V  [libjvm.so+0x472de5]  init_globals()+0x95
V  [libjvm.so+0x74961a]  Threads::create_vm(JavaVMInitArgs*, bool*)+0x1ea
V  [libjvm.so+0x4cccb1]  JNI_CreateJavaVM+0x61
C  [java+0x31ae]  JavaMain+0x7e


---------------  P R O C E S S  ---------------

Java Threads: ( => current thread )

Other Threads:

=>0x00007fbfc8007800 (exited) JavaThread "Unknown thread" [_thread_in_vm, id=4978, stack(0x00007fbfd1f8f000,0x00007fbfd2090000)]

VM state:not at safepoint (not fully initialized)

VM Mutex/Monitor currently owned by a thread: None

Dynamic libraries:
00400000-00409000 r-xp 00000000 08:05 1448104                            /usr/lib/jvm/java-6-openjdk-amd64/jre/bin/java
00608000-00609000 r--p 00008000 08:05 1448104                            /usr/lib/jvm/java-6-openjdk-amd64/jre/bin/java
00609000-0060a000 rw-p 00009000 08:05 1448104                            /usr/lib/jvm/java-6-openjdk-amd64/jre/bin/java
0219c000-021bd000 rw-p 00000000 00:00 0                                  [heap]
bc800000-bdcc0000 rw-p 00000000 00:00 0 
bdcc0000-c6e00000 rw-p 00000000 00:00 0 
c6e00000-c9420000 rw-p 00000000 00:00 0 
c9420000-ecf60000 rw-p 00000000 00:00 0 
ecf60000-ee260000 rw-p 00000000 00:00 0 
ee260000-100000000 rw-p 00000000 00:00 0 
7fbfb8000000-7fbfb8021000 rw-p 00000000 00:00 0 
7fbfb8021000-7fbfbc000000 ---p 00000000 00:00 0 
7fbfc0000000-7fbfc0021000 rw-p 00000000 00:00 0 
7fbfc0021000-7fbfc4000000 ---p 00000000 00:00 0 
7fbfc5000000-7fbfc5270000 rwxp 00000000 00:00 0 
7fbfc5270000-7fbfc8080000 rw-p 00000000 00:00 0 
7fbfc8080000-7fbfcc000000 ---p 00000000 00:00 0 
7fbfce789000-7fbfce860000 r--s 013f2000 08:05 669417                     /home/tika/eclipse/sdk/platforms/android-19/android.jar
7fbfce860000-7fbfce888000 rw-p 00000000 00:00 0 
7fbfce888000-7fbfce889000 ---p 00000000 00:00 0 
7fbfce889000-7fbfce989000 rw-p 00000000 00:00 0                          [stack:4982]
7fbfce989000-7fbfce98a000 ---p 00000000 00:00 0 
7fbfce98a000-7fbfcea95000 rw-p 00000000 00:00 0                          [stack:4981]
7fbfcea95000-7fbfceadd000 rw-p 00000000 00:00 0 
7fbfceadd000-7fbfceaf1000 rw-p 00000000 00:00 0 
7fbfceaf1000-7fbfcec0e000 rw-p 00000000 00:00 0 
7fbfcec0e000-7fbfcec19000 rw-p 00000000 00:00 0 
7fbfcec19000-7fbfcec61000 rw-p 00000000 00:00 0 
7fbfcec61000-7fbfcec75000 rw-p 00000000 00:00 0 
7fbfcec75000-7fbfced91000 rw-p 00000000 00:00 0 
7fbfced91000-7fbfced9c000 rw-p 00000000 00:00 0 
7fbfced9c000-7fbfcee2a000 rw-p 00000000 00:00 0 
7fbfcee2a000-7fbfcee2b000 rw-p 00000000 00:00 0 
7fbfcee2b000-7fbfcee32000 r-xp 00000000 08:05 1448053                    /usr/lib/jvm/java-6-openjdk-amd64/jre/lib/amd64/libzip.so
7fbfcee32000-7fbfcf031000 ---p 00007000 08:05 1448053                    /usr/lib/jvm/java-6-openjdk-amd64/jre/lib/amd64/libzip.so
7fbfcf031000-7fbfcf032000 r--p 00006000 08:05 1448053                    /usr/lib/jvm/java-6-openjdk-amd64/jre/lib/amd64/libzip.so
7fbfcf032000-7fbfcf033000 rw-p 00007000 08:05 1448053                    /usr/lib/jvm/java-6-openjdk-amd64/jre/lib/amd64/libzip.so
7fbfcf033000-7fbfcf03f000 r-xp 00000000 08:05 791086                     /lib/x86_64-linux-gnu/libnss_files-2.15.so
7fbfcf03f000-7fbfcf23e000 ---p 0000c000 08:05 791086                     /lib/x86_64-linux-gnu/libnss_files-2.15.so
7fbfcf23e000-7fbfcf23f000 r--p 0000b000 08:05 791086                     /lib/x86_64-linux-gnu/libnss_files-2.15.so
7fbfcf23f000-7fbfcf240000 rw-p 0000c000 08:05 791086                     /lib/x86_64-linux-gnu/libnss_files-2.15.so
7fbfcf240000-7fbfcf24a000 r-xp 00000000 08:05 791187                     /lib/x86_64-linux-gnu/libnss_nis-2.15.so
7fbfcf24a000-7fbfcf44a000 ---p 0000a000 08:05 791187                     /lib/x86_64-linux-gnu/libnss_nis-2.15.so
7fbfcf44a000-7fbfcf44b000 r--p 0000a000 08:05 791187                     /lib/x86_64-linux-gnu/libnss_nis-2.15.so
7fbfcf44b000-7fbfcf44c000 rw-p 0000b000 08:05 791187                     /lib/x86_64-linux-gnu/libnss_nis-2.15.so
7fbfcf44c000-7fbfcf463000 r-xp 00000000 08:05 792272                     /lib/x86_64-linux-gnu/libnsl-2.15.so
7fbfcf463000-7fbfcf662000 ---p 00017000 08:05 792272                     /lib/x86_64-linux-gnu/libnsl-2.15.so
7fbfcf662000-7fbfcf663000 r--p 00016000 08:05 792272                     /lib/x86_64-linux-gnu/libnsl-2.15.so
7fbfcf663000-7fbfcf664000 rw-p 00017000 08:05 792272                     /lib/x86_64-linux-gnu/libnsl-2.15.so
7fbfcf664000-7fbfcf666000 rw-p 00000000 00:00 0 
7fbfcf666000-7fbfcf66e000 r-xp 00000000 08:05 791082                     /lib/x86_64-linux-gnu/libnss_compat-2.15.so
7fbfcf66e000-7fbfcf86d000 ---p 00008000 08:05 791082                     /lib/x86_64-linux-gnu/libnss_compat-2.15.so
7fbfcf86d000-7fbfcf86e000 r--p 00007000 08:05 791082                     /lib/x86_64-linux-gnu/libnss_compat-2.15.so
7fbfcf86e000-7fbfcf86f000 rw-p 00008000 08:05 791082                     /lib/x86_64-linux-gnu/libnss_compat-2.15.so
7fbfcf86f000-7fbfcf89b000 r-xp 00000000 08:05 1448049                    /usr/lib/jvm/java-6-openjdk-amd64/jre/lib/amd64/libjava.so
7fbfcf89b000-7fbfcfa9a000 ---p 0002c000 08:05 1448049                    /usr/lib/jvm/java-6-openjdk-amd64/jre/lib/amd64/libjava.so
7fbfcfa9a000-7fbfcfa9b000 r--p 0002b000 08:05 1448049                    /usr/lib/jvm/java-6-openjdk-amd64/jre/lib/amd64/libjava.so
7fbfcfa9b000-7fbfcfa9e000 rw-p 0002c000 08:05 1448049                    /usr/lib/jvm/java-6-openjdk-amd64/jre/lib/amd64/libjava.so
7fbfcfa9e000-7fbfcfaac000 r-xp 00000000 08:05 1448062                    /usr/lib/jvm/java-6-openjdk-amd64/jre/lib/amd64/libverify.so
7fbfcfaac000-7fbfcfcab000 ---p 0000e000 08:05 1448062                    /usr/lib/jvm/java-6-openjdk-amd64/jre/lib/amd64/libverify.so
7fbfcfcab000-7fbfcfcad000 r--p 0000d000 08:05 1448062                    /usr/lib/jvm/java-6-openjdk-amd64/jre/lib/amd64/libverify.so
7fbfcfcad000-7fbfcfcae000 rw-p 0000f000 08:05 1448062                    /usr/lib/jvm/java-6-openjdk-amd64/jre/lib/amd64/libverify.so
7fbfcfcae000-7fbfcfcb5000 r-xp 00000000 08:05 791186                     /lib/x86_64-linux-gnu/librt-2.15.so
7fbfcfcb5000-7fbfcfeb4000 ---p 00007000 08:05 791186                     /lib/x86_64-linux-gnu/librt-2.15.so
7fbfcfeb4000-7fbfcfeb5000 r--p 00006000 08:05 791186                     /lib/x86_64-linux-gnu/librt-2.15.so
7fbfcfeb5000-7fbfcfeb6000 rw-p 00007000 08:05 791186                     /lib/x86_64-linux-gnu/librt-2.15.so
7fbfcfeb6000-7fbfcfecb000 r-xp 00000000 08:05 790413                     /lib/x86_64-linux-gnu/libgcc_s.so.1
7fbfcfecb000-7fbfd00ca000 ---p 00015000 08:05 790413                     /lib/x86_64-linux-gnu/libgcc_s.so.1
7fbfd00ca000-7fbfd00cb000 r--p 00014000 08:05 790413                     /lib/x86_64-linux-gnu/libgcc_s.so.1
7fbfd00cb000-7fbfd00cc000 rw-p 00015000 08:05 790413                     /lib/x86_64-linux-gnu/libgcc_s.so.1
7fbfd00cc000-7fbfd01c7000 r-xp 00000000 08:05 791216                     /lib/x86_64-linux-gnu/libm-2.15.so
7fbfd01c7000-7fbfd03c6000 ---p 000fb000 08:05 791216                     /lib/x86_64-linux-gnu/libm-2.15.so
7fbfd03c6000-7fbfd03c7000 r--p 000fa000 08:05 791216                     /lib/x86_64-linux-gnu/libm-2.15.so
7fbfd03c7000-7fbfd03c8000 rw-p 000fb000 08:05 791216                     /lib/x86_64-linux-gnu/libm-2.15.so
7fbfd03c8000-7fbfd04aa000 r-xp 00000000 08:05 1450464                    /usr/lib/x86_64-linux-gnu/libstdc++.so.6.0.16
7fbfd04aa000-7fbfd06a9000 ---p 000e2000 08:05 1450464                    /usr/lib/x86_64-linux-gnu/libstdc++.so.6.0.16
7fbfd06a9000-7fbfd06b1000 r--p 000e1000 08:05 1450464                    /usr/lib/x86_64-linux-gnu/libstdc++.so.6.0.16
7fbfd06b1000-7fbfd06b3000 rw-p 000e9000 08:05 1450464                    /usr/lib/x86_64-linux-gnu/libstdc++.so.6.0.16
7fbfd06b3000-7fbfd06c8000 rw-p 00000000 00:00 0 
7fbfd06c8000-7fbfd0fc8000 r-xp 00000000 08:05 1448077                    /usr/lib/jvm/java-6-openjdk-amd64/jre/lib/amd64/server/libjvm.so
7fbfd0fc8000-7fbfd11c8000 ---p 00900000 08:05 1448077                    /usr/lib/jvm/java-6-openjdk-amd64/jre/lib/amd64/server/libjvm.so
7fbfd11c8000-7fbfd1249000 r--p 00900000 08:05 1448077                    /usr/lib/jvm/java-6-openjdk-amd64/jre/lib/amd64/server/libjvm.so
7fbfd1249000-7fbfd1264000 rw-p 00981000 08:05 1448077                    /usr/lib/jvm/java-6-openjdk-amd64/jre/lib/amd64/server/libjvm.so
7fbfd1264000-7fbfd128d000 rw-p 00000000 00:00 0 
7fbfd128d000-7fbfd12a3000 r-xp 00000000 08:05 790503                     /lib/x86_64-linux-gnu/libz.so.1.2.3.4
7fbfd12a3000-7fbfd14a2000 ---p 00016000 08:05 790503                     /lib/x86_64-linux-gnu/libz.so.1.2.3.4
7fbfd14a2000-7fbfd14a3000 r--p 00015000 08:05 790503                     /lib/x86_64-linux-gnu/libz.so.1.2.3.4
7fbfd14a3000-7fbfd14a4000 rw-p 00016000 08:05 790503                     /lib/x86_64-linux-gnu/libz.so.1.2.3.4
7fbfd14a4000-7fbfd1659000 r-xp 00000000 08:05 790833                     /lib/x86_64-linux-gnu/libc-2.15.so
7fbfd1659000-7fbfd1859000 ---p 001b5000 08:05 790833                     /lib/x86_64-linux-gnu/libc-2.15.so
7fbfd1859000-7fbfd185d000 r--p 001b5000 08:05 790833                     /lib/x86_64-linux-gnu/libc-2.15.so
7fbfd185d000-7fbfd185f000 rw-p 001b9000 08:05 790833                     /lib/x86_64-linux-gnu/libc-2.15.so
7fbfd185f000-7fbfd1864000 rw-p 00000000 00:00 0 
7fbfd1864000-7fbfd1866000 r-xp 00000000 08:05 791292                     /lib/x86_64-linux-gnu/libdl-2.15.so
7fbfd1866000-7fbfd1a66000 ---p 00002000 08:05 791292                     /lib/x86_64-linux-gnu/libdl-2.15.so
7fbfd1a66000-7fbfd1a67000 r--p 00002000 08:05 791292                     /lib/x86_64-linux-gnu/libdl-2.15.so
7fbfd1a67000-7fbfd1a68000 rw-p 00003000 08:05 791292                     /lib/x86_64-linux-gnu/libdl-2.15.so
7fbfd1a68000-7fbfd1a6c000 r-xp 00000000 08:05 1448083                    /usr/lib/jvm/java-6-openjdk-amd64/jre/lib/amd64/jli/libjli.so
7fbfd1a6c000-7fbfd1c6b000 ---p 00004000 08:05 1448083                    /usr/lib/jvm/java-6-openjdk-amd64/jre/lib/amd64/jli/libjli.so
7fbfd1c6b000-7fbfd1c6c000 r--p 00003000 08:05 1448083                    /usr/lib/jvm/java-6-openjdk-amd64/jre/lib/amd64/jli/libjli.so
7fbfd1c6c000-7fbfd1c6d000 rw-p 00004000 08:05 1448083                    /usr/lib/jvm/java-6-openjdk-amd64/jre/lib/amd64/jli/libjli.so
7fbfd1c6d000-7fbfd1c85000 r-xp 00000000 08:05 791214                     /lib/x86_64-linux-gnu/libpthread-2.15.so
7fbfd1c85000-7fbfd1e84000 ---p 00018000 08:05 791214                     /lib/x86_64-linux-gnu/libpthread-2.15.so
7fbfd1e84000-7fbfd1e85000 r--p 00017000 08:05 791214                     /lib/x86_64-linux-gnu/libpthread-2.15.so
7fbfd1e85000-7fbfd1e86000 rw-p 00018000 08:05 791214                     /lib/x86_64-linux-gnu/libpthread-2.15.so
7fbfd1e86000-7fbfd1e8a000 rw-p 00000000 00:00 0 
7fbfd1e8a000-7fbfd1eac000 r-xp 00000000 08:05 791218                     /lib/x86_64-linux-gnu/ld-2.15.so
7fbfd1ecf000-7fbfd1ed9000 rw-p 00000000 00:00 0 
7fbfd1ed9000-7fbfd1f8f000 rw-p 00000000 00:00 0 
7fbfd1f8f000-7fbfd1f92000 ---p 00000000 00:00 0 
7fbfd1f92000-7fbfd2095000 rw-p 00000000 00:00 0                          [stack:4978]
7fbfd20a0000-7fbfd20a8000 rw-s 00000000 08:05 1973935                    /tmp/hsperfdata_tika/4970
7fbfd20a8000-7fbfd20a9000 rw-p 00000000 00:00 0 
7fbfd20a9000-7fbfd20aa000 r--p 00000000 00:00 0 
7fbfd20aa000-7fbfd20ac000 rw-p 00000000 00:00 0 
7fbfd20ac000-7fbfd20ad000 r--p 00022000 08:05 791218                     /lib/x86_64-linux-gnu/ld-2.15.so
7fbfd20ad000-7fbfd20af000 rw-p 00023000 08:05 791218                     /lib/x86_64-linux-gnu/ld-2.15.so
7fff4cce3000-7fff4cd04000 rw-p 00000000 00:00 0                          [stack]
7fff4cd07000-7fff4cd09000 r-xp 00000000 00:00 0                          [vdso]
ffffffffff600000-ffffffffff601000 r-xp 00000000 00:00 0                  [vsyscall]

VM Arguments:
jvm_args: -Dfile.encoding=UTF-8 -Xbootclasspath:/home/tika/eclipse/sdk/platforms/android-19/android.jar 
java_command: edu.gatech.financialapplication.DateGrabber
Launcher Type: SUN_STANDARD

Environment Variables:
PATH=/usr/lib/lightdm/lightdm:/usr/local/sbin:/usr/local/bin:/usr/sbin:/usr/bin:/sbin:/bin:/usr/games
LD_LIBRARY_PATH=/usr/lib/jvm/java-6-openjdk-amd64/jre/lib/amd64/server:/usr/lib/jvm/java-6-openjdk-amd64/jre/lib/amd64:/usr/lib/jvm/java-6-openjdk-amd64/jre/../lib/amd64
SHELL=/bin/bash
DISPLAY=:0.0

Signal Handlers:
SIGSEGV: [libjvm.so+0x7837c0], sa_mask[0]=0x7ffbfeff, sa_flags=0x10000004
SIGBUS: [libjvm.so+0x7837c0], sa_mask[0]=0x7ffbfeff, sa_flags=0x10000004
SIGFPE: [libjvm.so+0x647740], sa_mask[0]=0x7ffbfeff, sa_flags=0x10000004
SIGPIPE: [libjvm.so+0x647740], sa_mask[0]=0x7ffbfeff, sa_flags=0x10000004
SIGXFSZ: [libjvm.so+0x647740], sa_mask[0]=0x7ffbfeff, sa_flags=0x10000004
SIGILL: [libjvm.so+0x647740], sa_mask[0]=0x7ffbfeff, sa_flags=0x10000004
SIGUSR1: SIG_DFL, sa_mask[0]=0x00000000, sa_flags=0x00000000
SIGUSR2: [libjvm.so+0x647920], sa_mask[0]=0x00000004, sa_flags=0x10000004
SIGHUP: SIG_DFL, sa_mask[0]=0x00000000, sa_flags=0x00000000
SIGINT: SIG_DFL, sa_mask[0]=0x00000000, sa_flags=0x00000000
SIGTERM: SIG_DFL, sa_mask[0]=0x00000000, sa_flags=0x00000000
SIGQUIT: SIG_DFL, sa_mask[0]=0x00000000, sa_flags=0x00000000


---------------  S Y S T E M  ---------------

OS:Ubuntu 12.04 (precise)
uname:Linux 3.8.0-34-generic #49~precise1-Ubuntu SMP Wed Nov 13 18:05:00 UTC 2013 x86_64
libc:glibc 2.15 NPTL 2.15 
rlimit: STACK 8192k, CORE 0k, NPROC 29072, NOFILE 4096, AS infinity
load average:0.67 0.66 0.71

/proc/meminfo:
MemTotal:        3740224 kB
MemFree:          151020 kB
Buffers:           17632 kB
Cached:           667000 kB
SwapCached:        39144 kB
Active:          2555824 kB
Inactive:         840060 kB
Active(anon):    2403172 kB
Inactive(anon):   714292 kB
Active(file):     152652 kB
Inactive(file):   125768 kB
Unevictable:          16 kB
Mlocked:              16 kB
SwapTotal:       3878908 kB
SwapFree:        3818340 kB
Dirty:               468 kB
Writeback:             0 kB
AnonPages:       2673240 kB
Mapped:           218592 kB
Shmem:            406064 kB
Slab:              90708 kB
SReclaimable:      60848 kB
SUnreclaim:        29860 kB
KernelStack:        4192 kB
PageTables:        43016 kB
NFS_Unstable:          0 kB
Bounce:                0 kB
WritebackTmp:          0 kB
CommitLimit:     5749020 kB
Committed_AS:    6681208 kB
VmallocTotal:   34359738367 kB
VmallocUsed:      348084 kB
VmallocChunk:   34359386588 kB
HardwareCorrupted:     0 kB
AnonHugePages:         0 kB
HugePages_Total:       0
HugePages_Free:        0
HugePages_Rsvd:        0
HugePages_Surp:        0
Hugepagesize:       2048 kB
DirectMap4k:       55296 kB
DirectMap2M:     3846144 kB


CPU:total 2 (2 cores per cpu, 1 threads per core) family 6 model 58 stepping 9, cmov, cx8, fxsr, mmx, sse, sse2, sse3, ssse3, sse4.1, sse4.2, popcnt

Memory: 4k page, physical 3740224k(151020k free), swap 3878908k(3818340k free)

vm_info: OpenJDK 64-Bit Server VM (20.0-b12) for linux-amd64 JRE (1.6.0_27-b27), built on Nov 16 2013 15:13:05 by "buildd" with gcc 4.6.3

time: Thu Mar 20 12:05:19 2014
elapsed time: 0 seconds

