#
# A fatal error has been detected by the Java Runtime Environment:
#
#  Internal Error (classFileParser.cpp:3494), pid=5003, tid=139877707622144
#  Error: ShouldNotReachHere()
#
# JRE version: 6.0_27-b27
# Java VM: OpenJDK 64-Bit Server VM (20.0-b12 mixed mode linux-amd64 compressed oops)
# Derivative: IcedTea6 1.12.6
# Distribution: Ubuntu 12.04 LTS, package 6b27-1.12.6-1ubuntu0.12.04.4
# If you would like to submit a bug report, please include
# instructions how to reproduce the bug and visit:
#   https://bugs.launchpad.net/ubuntu/+source/openjdk-6/
#

---------------  T H R E A D  ---------------

Current thread (0x00007f37c8007800):  JavaThread "Unknown thread" [_thread_in_vm, id=5005, stack(0x00007f37d1032000,0x00007f37d1133000)]

Stack: [0x00007f37d1032000,0x00007f37d1133000],  sp=0x00007f37d1131080,  free space=1020k
Native frames: (J=compiled Java code, j=interpreted, Vv=VM code, C=native code)
V  [libjvm.so+0x782b85]  VMError::report(outputStream*)+0x1255
V  [libjvm.so+0x782e09]  VMError::report_and_die()+0x169
V  [libjvm.so+0x3ba51a]  report_vm_error(char const*, int, char const*, char const*)+0x4a
V  [libjvm.so+0x3508f5]  ClassFileParser::parseClassFile(symbolHandle, Handle, Handle, KlassHandle, GrowableArray<Handle>*, symbolHandle&, bool, Thread*)+0x1555
V  [libjvm.so+0x354b63]  ClassLoader::load_classfile(symbolHandle, Thread*)+0x1f3
V  [libjvm.so+0x71ad84]  SystemDictionary::load_instance_class(symbolHandle, Handle, Thread*)+0x354
V  [libjvm.so+0x719480]  SystemDictionary::resolve_instance_class_or_null(symbolHandle, Handle, Handle, Thread*)+0x7c0
V  [libjvm.so+0x71b413]  SystemDictionary::resolve_or_fail(symbolHandle, Handle, Handle, bool, Thread*)+0x33
V  [libjvm.so+0x71b4f4]  SystemDictionary::resolve_or_fail(symbolHandle, bool, Thread*)+0x14
V  [libjvm.so+0x71b5a0]  SystemDictionary::initialize_wk_klass(SystemDictionary::WKID, int, Thread*)+0xa0
V  [libjvm.so+0x71b609]  SystemDictionary::initialize_wk_klasses_until(SystemDictionary::WKID, SystemDictionary::WKID&, Thread*)+0x59
V  [libjvm.so+0x71b701]  SystemDictionary::initialize_preloaded_classes(Thread*)+0x71
V  [libjvm.so+0x75ee1f]  Universe::genesis(Thread*)+0x11f
V  [libjvm.so+0x75f7cf]  universe2_init()+0x1f
V  [libjvm.so+0x472de5]  init_globals()+0x95
V  [libjvm.so+0x74961a]  Threads::create_vm(JavaVMInitArgs*, bool*)+0x1ea
V  [libjvm.so+0x4cccb1]  JNI_CreateJavaVM+0x61
C  [java+0x31ae]  JavaMain+0x7e


---------------  P R O C E S S  ---------------

Java Threads: ( => current thread )

Other Threads:

=>0x00007f37c8007800 (exited) JavaThread "Unknown thread" [_thread_in_vm, id=5005, stack(0x00007f37d1032000,0x00007f37d1133000)]

VM state:not at safepoint (not fully initialized)

VM Mutex/Monitor currently owned by a thread: None

Dynamic libraries:
00400000-00409000 r-xp 00000000 08:05 1448104                            /usr/lib/jvm/java-6-openjdk-amd64/jre/bin/java
00608000-00609000 r--p 00008000 08:05 1448104                            /usr/lib/jvm/java-6-openjdk-amd64/jre/bin/java
00609000-0060a000 rw-p 00009000 08:05 1448104                            /usr/lib/jvm/java-6-openjdk-amd64/jre/bin/java
01804000-01825000 rw-p 00000000 00:00 0                                  [heap]
bc800000-bdcc0000 rw-p 00000000 00:00 0 
bdcc0000-c6e00000 rw-p 00000000 00:00 0 
c6e00000-c9420000 rw-p 00000000 00:00 0 
c9420000-ecf60000 rw-p 00000000 00:00 0 
ecf60000-ee260000 rw-p 00000000 00:00 0 
ee260000-100000000 rw-p 00000000 00:00 0 
7f37b8000000-7f37b8021000 rw-p 00000000 00:00 0 
7f37b8021000-7f37bc000000 ---p 00000000 00:00 0 
7f37c0000000-7f37c0021000 rw-p 00000000 00:00 0 
7f37c0021000-7f37c4000000 ---p 00000000 00:00 0 
7f37c5000000-7f37c5270000 rwxp 00000000 00:00 0 
7f37c5270000-7f37c8080000 rw-p 00000000 00:00 0 
7f37c8080000-7f37cc000000 ---p 00000000 00:00 0 
7f37cd82c000-7f37cd903000 r--s 013f2000 08:05 669417                     /home/tika/eclipse/sdk/platforms/android-19/android.jar
7f37cd903000-7f37cd92b000 rw-p 00000000 00:00 0 
7f37cd92b000-7f37cd92c000 ---p 00000000 00:00 0 
7f37cd92c000-7f37cda2c000 rw-p 00000000 00:00 0                          [stack:5008]
7f37cda2c000-7f37cda2d000 ---p 00000000 00:00 0 
7f37cda2d000-7f37cdb38000 rw-p 00000000 00:00 0                          [stack:5007]
7f37cdb38000-7f37cdb80000 rw-p 00000000 00:00 0 
7f37cdb80000-7f37cdb94000 rw-p 00000000 00:00 0 
7f37cdb94000-7f37cdcb1000 rw-p 00000000 00:00 0 
7f37cdcb1000-7f37cdcbc000 rw-p 00000000 00:00 0 
7f37cdcbc000-7f37cdd04000 rw-p 00000000 00:00 0 
7f37cdd04000-7f37cdd18000 rw-p 00000000 00:00 0 
7f37cdd18000-7f37cde34000 rw-p 00000000 00:00 0 
7f37cde34000-7f37cde3f000 rw-p 00000000 00:00 0 
7f37cde3f000-7f37cdecd000 rw-p 00000000 00:00 0 
7f37cdecd000-7f37cdece000 rw-p 00000000 00:00 0 
7f37cdece000-7f37cded5000 r-xp 00000000 08:05 1448053                    /usr/lib/jvm/java-6-openjdk-amd64/jre/lib/amd64/libzip.so
7f37cded5000-7f37ce0d4000 ---p 00007000 08:05 1448053                    /usr/lib/jvm/java-6-openjdk-amd64/jre/lib/amd64/libzip.so
7f37ce0d4000-7f37ce0d5000 r--p 00006000 08:05 1448053                    /usr/lib/jvm/java-6-openjdk-amd64/jre/lib/amd64/libzip.so
7f37ce0d5000-7f37ce0d6000 rw-p 00007000 08:05 1448053                    /usr/lib/jvm/java-6-openjdk-amd64/jre/lib/amd64/libzip.so
7f37ce0d6000-7f37ce0e2000 r-xp 00000000 08:05 791086                     /lib/x86_64-linux-gnu/libnss_files-2.15.so
7f37ce0e2000-7f37ce2e1000 ---p 0000c000 08:05 791086                     /lib/x86_64-linux-gnu/libnss_files-2.15.so
7f37ce2e1000-7f37ce2e2000 r--p 0000b000 08:05 791086                     /lib/x86_64-linux-gnu/libnss_files-2.15.so
7f37ce2e2000-7f37ce2e3000 rw-p 0000c000 08:05 791086                     /lib/x86_64-linux-gnu/libnss_files-2.15.so
7f37ce2e3000-7f37ce2ed000 r-xp 00000000 08:05 791187                     /lib/x86_64-linux-gnu/libnss_nis-2.15.so
7f37ce2ed000-7f37ce4ed000 ---p 0000a000 08:05 791187                     /lib/x86_64-linux-gnu/libnss_nis-2.15.so
7f37ce4ed000-7f37ce4ee000 r--p 0000a000 08:05 791187                     /lib/x86_64-linux-gnu/libnss_nis-2.15.so
7f37ce4ee000-7f37ce4ef000 rw-p 0000b000 08:05 791187                     /lib/x86_64-linux-gnu/libnss_nis-2.15.so
7f37ce4ef000-7f37ce506000 r-xp 00000000 08:05 792272                     /lib/x86_64-linux-gnu/libnsl-2.15.so
7f37ce506000-7f37ce705000 ---p 00017000 08:05 792272                     /lib/x86_64-linux-gnu/libnsl-2.15.so
7f37ce705000-7f37ce706000 r--p 00016000 08:05 792272                     /lib/x86_64-linux-gnu/libnsl-2.15.so
7f37ce706000-7f37ce707000 rw-p 00017000 08:05 792272                     /lib/x86_64-linux-gnu/libnsl-2.15.so
7f37ce707000-7f37ce709000 rw-p 00000000 00:00 0 
7f37ce709000-7f37ce711000 r-xp 00000000 08:05 791082                     /lib/x86_64-linux-gnu/libnss_compat-2.15.so
7f37ce711000-7f37ce910000 ---p 00008000 08:05 791082                     /lib/x86_64-linux-gnu/libnss_compat-2.15.so
7f37ce910000-7f37ce911000 r--p 00007000 08:05 791082                     /lib/x86_64-linux-gnu/libnss_compat-2.15.so
7f37ce911000-7f37ce912000 rw-p 00008000 08:05 791082                     /lib/x86_64-linux-gnu/libnss_compat-2.15.so
7f37ce912000-7f37ce93e000 r-xp 00000000 08:05 1448049                    /usr/lib/jvm/java-6-openjdk-amd64/jre/lib/amd64/libjava.so
7f37ce93e000-7f37ceb3d000 ---p 0002c000 08:05 1448049                    /usr/lib/jvm/java-6-openjdk-amd64/jre/lib/amd64/libjava.so
7f37ceb3d000-7f37ceb3e000 r--p 0002b000 08:05 1448049                    /usr/lib/jvm/java-6-openjdk-amd64/jre/lib/amd64/libjava.so
7f37ceb3e000-7f37ceb41000 rw-p 0002c000 08:05 1448049                    /usr/lib/jvm/java-6-openjdk-amd64/jre/lib/amd64/libjava.so
7f37ceb41000-7f37ceb4f000 r-xp 00000000 08:05 1448062                    /usr/lib/jvm/java-6-openjdk-amd64/jre/lib/amd64/libverify.so
7f37ceb4f000-7f37ced4e000 ---p 0000e000 08:05 1448062                    /usr/lib/jvm/java-6-openjdk-amd64/jre/lib/amd64/libverify.so
7f37ced4e000-7f37ced50000 r--p 0000d000 08:05 1448062                    /usr/lib/jvm/java-6-openjdk-amd64/jre/lib/amd64/libverify.so
7f37ced50000-7f37ced51000 rw-p 0000f000 08:05 1448062                    /usr/lib/jvm/java-6-openjdk-amd64/jre/lib/amd64/libverify.so
7f37ced51000-7f37ced58000 r-xp 00000000 08:05 791186                     /lib/x86_64-linux-gnu/librt-2.15.so
7f37ced58000-7f37cef57000 ---p 00007000 08:05 791186                     /lib/x86_64-linux-gnu/librt-2.15.so
7f37cef57000-7f37cef58000 r--p 00006000 08:05 791186                     /lib/x86_64-linux-gnu/librt-2.15.so
7f37cef58000-7f37cef59000 rw-p 00007000 08:05 791186                     /lib/x86_64-linux-gnu/librt-2.15.so
7f37cef59000-7f37cef6e000 r-xp 00000000 08:05 790413                     /lib/x86_64-linux-gnu/libgcc_s.so.1
7f37cef6e000-7f37cf16d000 ---p 00015000 08:05 790413                     /lib/x86_64-linux-gnu/libgcc_s.so.1
7f37cf16d000-7f37cf16e000 r--p 00014000 08:05 790413                     /lib/x86_64-linux-gnu/libgcc_s.so.1
7f37cf16e000-7f37cf16f000 rw-p 00015000 08:05 790413                     /lib/x86_64-linux-gnu/libgcc_s.so.1
7f37cf16f000-7f37cf26a000 r-xp 00000000 08:05 791216                     /lib/x86_64-linux-gnu/libm-2.15.so
7f37cf26a000-7f37cf469000 ---p 000fb000 08:05 791216                     /lib/x86_64-linux-gnu/libm-2.15.so
7f37cf469000-7f37cf46a000 r--p 000fa000 08:05 791216                     /lib/x86_64-linux-gnu/libm-2.15.so
7f37cf46a000-7f37cf46b000 rw-p 000fb000 08:05 791216                     /lib/x86_64-linux-gnu/libm-2.15.so
7f37cf46b000-7f37cf54d000 r-xp 00000000 08:05 1450464                    /usr/lib/x86_64-linux-gnu/libstdc++.so.6.0.16
7f37cf54d000-7f37cf74c000 ---p 000e2000 08:05 1450464                    /usr/lib/x86_64-linux-gnu/libstdc++.so.6.0.16
7f37cf74c000-7f37cf754000 r--p 000e1000 08:05 1450464                    /usr/lib/x86_64-linux-gnu/libstdc++.so.6.0.16
7f37cf754000-7f37cf756000 rw-p 000e9000 08:05 1450464                    /usr/lib/x86_64-linux-gnu/libstdc++.so.6.0.16
7f37cf756000-7f37cf76b000 rw-p 00000000 00:00 0 
7f37cf76b000-7f37d006b000 r-xp 00000000 08:05 1448077                    /usr/lib/jvm/java-6-openjdk-amd64/jre/lib/amd64/server/libjvm.so
7f37d006b000-7f37d026b000 ---p 00900000 08:05 1448077                    /usr/lib/jvm/java-6-openjdk-amd64/jre/lib/amd64/server/libjvm.so
7f37d026b000-7f37d02ec000 r--p 00900000 08:05 1448077                    /usr/lib/jvm/java-6-openjdk-amd64/jre/lib/amd64/server/libjvm.so
7f37d02ec000-7f37d0307000 rw-p 00981000 08:05 1448077                    /usr/lib/jvm/java-6-openjdk-amd64/jre/lib/amd64/server/libjvm.so
7f37d0307000-7f37d0330000 rw-p 00000000 00:00 0 
7f37d0330000-7f37d0346000 r-xp 00000000 08:05 790503                     /lib/x86_64-linux-gnu/libz.so.1.2.3.4
7f37d0346000-7f37d0545000 ---p 00016000 08:05 790503                     /lib/x86_64-linux-gnu/libz.so.1.2.3.4
7f37d0545000-7f37d0546000 r--p 00015000 08:05 790503                     /lib/x86_64-linux-gnu/libz.so.1.2.3.4
7f37d0546000-7f37d0547000 rw-p 00016000 08:05 790503                     /lib/x86_64-linux-gnu/libz.so.1.2.3.4
7f37d0547000-7f37d06fc000 r-xp 00000000 08:05 790833                     /lib/x86_64-linux-gnu/libc-2.15.so
7f37d06fc000-7f37d08fc000 ---p 001b5000 08:05 790833                     /lib/x86_64-linux-gnu/libc-2.15.so
7f37d08fc000-7f37d0900000 r--p 001b5000 08:05 790833                     /lib/x86_64-linux-gnu/libc-2.15.so
7f37d0900000-7f37d0902000 rw-p 001b9000 08:05 790833                     /lib/x86_64-linux-gnu/libc-2.15.so
7f37d0902000-7f37d0907000 rw-p 00000000 00:00 0 
7f37d0907000-7f37d0909000 r-xp 00000000 08:05 791292                     /lib/x86_64-linux-gnu/libdl-2.15.so
7f37d0909000-7f37d0b09000 ---p 00002000 08:05 791292                     /lib/x86_64-linux-gnu/libdl-2.15.so
7f37d0b09000-7f37d0b0a000 r--p 00002000 08:05 791292                     /lib/x86_64-linux-gnu/libdl-2.15.so
7f37d0b0a000-7f37d0b0b000 rw-p 00003000 08:05 791292                     /lib/x86_64-linux-gnu/libdl-2.15.so
7f37d0b0b000-7f37d0b0f000 r-xp 00000000 08:05 1448083                    /usr/lib/jvm/java-6-openjdk-amd64/jre/lib/amd64/jli/libjli.so
7f37d0b0f000-7f37d0d0e000 ---p 00004000 08:05 1448083                    /usr/lib/jvm/java-6-openjdk-amd64/jre/lib/amd64/jli/libjli.so
7f37d0d0e000-7f37d0d0f000 r--p 00003000 08:05 1448083                    /usr/lib/jvm/java-6-openjdk-amd64/jre/lib/amd64/jli/libjli.so
7f37d0d0f000-7f37d0d10000 rw-p 00004000 08:05 1448083                    /usr/lib/jvm/java-6-openjdk-amd64/jre/lib/amd64/jli/libjli.so
7f37d0d10000-7f37d0d28000 r-xp 00000000 08:05 791214                     /lib/x86_64-linux-gnu/libpthread-2.15.so
7f37d0d28000-7f37d0f27000 ---p 00018000 08:05 791214                     /lib/x86_64-linux-gnu/libpthread-2.15.so
7f37d0f27000-7f37d0f28000 r--p 00017000 08:05 791214                     /lib/x86_64-linux-gnu/libpthread-2.15.so
7f37d0f28000-7f37d0f29000 rw-p 00018000 08:05 791214                     /lib/x86_64-linux-gnu/libpthread-2.15.so
7f37d0f29000-7f37d0f2d000 rw-p 00000000 00:00 0 
7f37d0f2d000-7f37d0f4f000 r-xp 00000000 08:05 791218                     /lib/x86_64-linux-gnu/ld-2.15.so
7f37d0f72000-7f37d0f7c000 rw-p 00000000 00:00 0 
7f37d0f7c000-7f37d1032000 rw-p 00000000 00:00 0 
7f37d1032000-7f37d1035000 ---p 00000000 00:00 0 
7f37d1035000-7f37d1138000 rw-p 00000000 00:00 0                          [stack:5005]
7f37d1143000-7f37d114b000 rw-s 00000000 08:05 1973933                    /tmp/hsperfdata_tika/5003
7f37d114b000-7f37d114c000 rw-p 00000000 00:00 0 
7f37d114c000-7f37d114d000 r--p 00000000 00:00 0 
7f37d114d000-7f37d114f000 rw-p 00000000 00:00 0 
7f37d114f000-7f37d1150000 r--p 00022000 08:05 791218                     /lib/x86_64-linux-gnu/ld-2.15.so
7f37d1150000-7f37d1152000 rw-p 00023000 08:05 791218                     /lib/x86_64-linux-gnu/ld-2.15.so
7fff644ee000-7fff6450f000 rw-p 00000000 00:00 0                          [stack]
7fff645f8000-7fff645fa000 r-xp 00000000 00:00 0                          [vdso]
ffffffffff600000-ffffffffff601000 r-xp 00000000 00:00 0                  [vsyscall]

VM Arguments:
jvm_args: -Dfile.encoding=UTF-8 -Xbootclasspath:/home/tika/eclipse/sdk/platforms/android-19/android.jar 
java_command: edu.gatech.financialapplication.DateGrabber
Launcher Type: SUN_STANDARD

Environment Variables:
PATH=/usr/lib/lightdm/lightdm:/usr/local/sbin:/usr/local/bin:/usr/sbin:/usr/bin:/sbin:/bin:/usr/games
LD_LIBRARY_PATH=/usr/lib/jvm/java-6-openjdk-amd64/jre/lib/amd64/server:/usr/lib/jvm/java-6-openjdk-amd64/jre/lib/amd64:/usr/lib/jvm/java-6-openjdk-amd64/jre/../lib/amd64
SHELL=/bin/bash
DISPLAY=:0.0

Signal Handlers:
SIGSEGV: [libjvm.so+0x7837c0], sa_mask[0]=0x7ffbfeff, sa_flags=0x10000004
SIGBUS: [libjvm.so+0x7837c0], sa_mask[0]=0x7ffbfeff, sa_flags=0x10000004
SIGFPE: [libjvm.so+0x647740], sa_mask[0]=0x7ffbfeff, sa_flags=0x10000004
SIGPIPE: [libjvm.so+0x647740], sa_mask[0]=0x7ffbfeff, sa_flags=0x10000004
SIGXFSZ: [libjvm.so+0x647740], sa_mask[0]=0x7ffbfeff, sa_flags=0x10000004
SIGILL: [libjvm.so+0x647740], sa_mask[0]=0x7ffbfeff, sa_flags=0x10000004
SIGUSR1: SIG_DFL, sa_mask[0]=0x00000000, sa_flags=0x00000000
SIGUSR2: [libjvm.so+0x647920], sa_mask[0]=0x00000004, sa_flags=0x10000004
SIGHUP: SIG_DFL, sa_mask[0]=0x00000000, sa_flags=0x00000000
SIGINT: SIG_DFL, sa_mask[0]=0x00000000, sa_flags=0x00000000
SIGTERM: SIG_DFL, sa_mask[0]=0x00000000, sa_flags=0x00000000
SIGQUIT: SIG_DFL, sa_mask[0]=0x00000000, sa_flags=0x00000000


---------------  S Y S T E M  ---------------

OS:Ubuntu 12.04 (precise)
uname:Linux 3.8.0-34-generic #49~precise1-Ubuntu SMP Wed Nov 13 18:05:00 UTC 2013 x86_64
libc:glibc 2.15 NPTL 2.15 
rlimit: STACK 8192k, CORE 0k, NPROC 29072, NOFILE 4096, AS infinity
load average:0.64 0.65 0.70

/proc/meminfo:
MemTotal:        3740224 kB
MemFree:          163332 kB
Buffers:           17648 kB
Cached:           666288 kB
SwapCached:        39144 kB
Active:          2544728 kB
Inactive:         839504 kB
Active(anon):    2392040 kB
Inactive(anon):   713652 kB
Active(file):     152688 kB
Inactive(file):   125852 kB
Unevictable:          16 kB
Mlocked:              16 kB
SwapTotal:       3878908 kB
SwapFree:        3818340 kB
Dirty:               408 kB
Writeback:             0 kB
AnonPages:       2662120 kB
Mapped:           216052 kB
Shmem:            405396 kB
Slab:              90648 kB
SReclaimable:      60820 kB
SUnreclaim:        29828 kB
KernelStack:        4200 kB
PageTables:        42728 kB
NFS_Unstable:          0 kB
Bounce:                0 kB
WritebackTmp:          0 kB
CommitLimit:     5749020 kB
Committed_AS:    6575344 kB
VmallocTotal:   34359738367 kB
VmallocUsed:      348072 kB
VmallocChunk:   34359386588 kB
HardwareCorrupted:     0 kB
AnonHugePages:         0 kB
HugePages_Total:       0
HugePages_Free:        0
HugePages_Rsvd:        0
HugePages_Surp:        0
Hugepagesize:       2048 kB
DirectMap4k:       55296 kB
DirectMap2M:     3846144 kB


CPU:total 2 (2 cores per cpu, 1 threads per core) family 6 model 58 stepping 9, cmov, cx8, fxsr, mmx, sse, sse2, sse3, ssse3, sse4.1, sse4.2, popcnt

Memory: 4k page, physical 3740224k(163332k free), swap 3878908k(3818340k free)

vm_info: OpenJDK 64-Bit Server VM (20.0-b12) for linux-amd64 JRE (1.6.0_27-b27), built on Nov 16 2013 15:13:05 by "buildd" with gcc 4.6.3

time: Thu Mar 20 12:05:29 2014
elapsed time: 0 seconds

