#
# A fatal error has been detected by the Java Runtime Environment:
#
#  Internal Error (classFileParser.cpp:3494), pid=2839, tid=140656166229760
#  Error: ShouldNotReachHere()
#
# JRE version: 6.0_27-b27
# Java VM: OpenJDK 64-Bit Server VM (20.0-b12 mixed mode linux-amd64 compressed oops)
# Derivative: IcedTea6 1.12.6
# Distribution: Ubuntu 12.04 LTS, package 6b27-1.12.6-1ubuntu0.12.04.4
# If you would like to submit a bug report, please include
# instructions how to reproduce the bug and visit:
#   https://bugs.launchpad.net/ubuntu/+source/openjdk-6/
#

---------------  T H R E A D  ---------------

Current thread (0x00007fed08007800):  JavaThread "Unknown thread" [_thread_in_vm, id=2843, stack(0x00007fed10c2d000,0x00007fed10d2e000)]

Stack: [0x00007fed10c2d000,0x00007fed10d2e000],  sp=0x00007fed10d2c080,  free space=1020k
Native frames: (J=compiled Java code, j=interpreted, Vv=VM code, C=native code)
V  [libjvm.so+0x782b85]  VMError::report(outputStream*)+0x1255
V  [libjvm.so+0x782e09]  VMError::report_and_die()+0x169
V  [libjvm.so+0x3ba51a]  report_vm_error(char const*, int, char const*, char const*)+0x4a
V  [libjvm.so+0x3508f5]  ClassFileParser::parseClassFile(symbolHandle, Handle, Handle, KlassHandle, GrowableArray<Handle>*, symbolHandle&, bool, Thread*)+0x1555
V  [libjvm.so+0x354b63]  ClassLoader::load_classfile(symbolHandle, Thread*)+0x1f3
V  [libjvm.so+0x71ad84]  SystemDictionary::load_instance_class(symbolHandle, Handle, Thread*)+0x354
V  [libjvm.so+0x719480]  SystemDictionary::resolve_instance_class_or_null(symbolHandle, Handle, Handle, Thread*)+0x7c0
V  [libjvm.so+0x71b413]  SystemDictionary::resolve_or_fail(symbolHandle, Handle, Handle, bool, Thread*)+0x33
V  [libjvm.so+0x71b4f4]  SystemDictionary::resolve_or_fail(symbolHandle, bool, Thread*)+0x14
V  [libjvm.so+0x71b5a0]  SystemDictionary::initialize_wk_klass(SystemDictionary::WKID, int, Thread*)+0xa0
V  [libjvm.so+0x71b609]  SystemDictionary::initialize_wk_klasses_until(SystemDictionary::WKID, SystemDictionary::WKID&, Thread*)+0x59
V  [libjvm.so+0x71b701]  SystemDictionary::initialize_preloaded_classes(Thread*)+0x71
V  [libjvm.so+0x75ee1f]  Universe::genesis(Thread*)+0x11f
V  [libjvm.so+0x75f7cf]  universe2_init()+0x1f
V  [libjvm.so+0x472de5]  init_globals()+0x95
V  [libjvm.so+0x74961a]  Threads::create_vm(JavaVMInitArgs*, bool*)+0x1ea
V  [libjvm.so+0x4cccb1]  JNI_CreateJavaVM+0x61
C  [java+0x31ae]  JavaMain+0x7e


---------------  P R O C E S S  ---------------

Java Threads: ( => current thread )

Other Threads:

=>0x00007fed08007800 (exited) JavaThread "Unknown thread" [_thread_in_vm, id=2843, stack(0x00007fed10c2d000,0x00007fed10d2e000)]

VM state:not at safepoint (not fully initialized)

VM Mutex/Monitor currently owned by a thread: None

Dynamic libraries:
00400000-00409000 r-xp 00000000 08:05 1448104                            /usr/lib/jvm/java-6-openjdk-amd64/jre/bin/java
00608000-00609000 r--p 00008000 08:05 1448104                            /usr/lib/jvm/java-6-openjdk-amd64/jre/bin/java
00609000-0060a000 rw-p 00009000 08:05 1448104                            /usr/lib/jvm/java-6-openjdk-amd64/jre/bin/java
0145c000-0147d000 rw-p 00000000 00:00 0                                  [heap]
bc800000-bdcc0000 rw-p 00000000 00:00 0 
bdcc0000-c6e00000 rw-p 00000000 00:00 0 
c6e00000-c9420000 rw-p 00000000 00:00 0 
c9420000-ecf60000 rw-p 00000000 00:00 0 
ecf60000-ee260000 rw-p 00000000 00:00 0 
ee260000-100000000 rw-p 00000000 00:00 0 
7fecf8000000-7fecf8021000 rw-p 00000000 00:00 0 
7fecf8021000-7fecfc000000 ---p 00000000 00:00 0 
7fed00000000-7fed00021000 rw-p 00000000 00:00 0 
7fed00021000-7fed04000000 ---p 00000000 00:00 0 
7fed05000000-7fed05270000 rwxp 00000000 00:00 0 
7fed05270000-7fed08080000 rw-p 00000000 00:00 0 
7fed08080000-7fed0c000000 ---p 00000000 00:00 0 
7fed0d427000-7fed0d4fe000 r--s 013f2000 08:05 669417                     /home/tika/eclipse/sdk/platforms/android-19/android.jar
7fed0d4fe000-7fed0d526000 rw-p 00000000 00:00 0 
7fed0d526000-7fed0d527000 ---p 00000000 00:00 0 
7fed0d527000-7fed0d627000 rw-p 00000000 00:00 0                          [stack:2846]
7fed0d627000-7fed0d628000 ---p 00000000 00:00 0 
7fed0d628000-7fed0d733000 rw-p 00000000 00:00 0                          [stack:2845]
7fed0d733000-7fed0d77b000 rw-p 00000000 00:00 0 
7fed0d77b000-7fed0d78f000 rw-p 00000000 00:00 0 
7fed0d78f000-7fed0d8ac000 rw-p 00000000 00:00 0 
7fed0d8ac000-7fed0d8b7000 rw-p 00000000 00:00 0 
7fed0d8b7000-7fed0d8ff000 rw-p 00000000 00:00 0 
7fed0d8ff000-7fed0d913000 rw-p 00000000 00:00 0 
7fed0d913000-7fed0da2f000 rw-p 00000000 00:00 0 
7fed0da2f000-7fed0da3a000 rw-p 00000000 00:00 0 
7fed0da3a000-7fed0dac8000 rw-p 00000000 00:00 0 
7fed0dac8000-7fed0dac9000 rw-p 00000000 00:00 0 
7fed0dac9000-7fed0dad0000 r-xp 00000000 08:05 1448053                    /usr/lib/jvm/java-6-openjdk-amd64/jre/lib/amd64/libzip.so
7fed0dad0000-7fed0dccf000 ---p 00007000 08:05 1448053                    /usr/lib/jvm/java-6-openjdk-amd64/jre/lib/amd64/libzip.so
7fed0dccf000-7fed0dcd0000 r--p 00006000 08:05 1448053                    /usr/lib/jvm/java-6-openjdk-amd64/jre/lib/amd64/libzip.so
7fed0dcd0000-7fed0dcd1000 rw-p 00007000 08:05 1448053                    /usr/lib/jvm/java-6-openjdk-amd64/jre/lib/amd64/libzip.so
7fed0dcd1000-7fed0dcdd000 r-xp 00000000 08:05 791086                     /lib/x86_64-linux-gnu/libnss_files-2.15.so
7fed0dcdd000-7fed0dedc000 ---p 0000c000 08:05 791086                     /lib/x86_64-linux-gnu/libnss_files-2.15.so
7fed0dedc000-7fed0dedd000 r--p 0000b000 08:05 791086                     /lib/x86_64-linux-gnu/libnss_files-2.15.so
7fed0dedd000-7fed0dede000 rw-p 0000c000 08:05 791086                     /lib/x86_64-linux-gnu/libnss_files-2.15.so
7fed0dede000-7fed0dee8000 r-xp 00000000 08:05 791187                     /lib/x86_64-linux-gnu/libnss_nis-2.15.so
7fed0dee8000-7fed0e0e8000 ---p 0000a000 08:05 791187                     /lib/x86_64-linux-gnu/libnss_nis-2.15.so
7fed0e0e8000-7fed0e0e9000 r--p 0000a000 08:05 791187                     /lib/x86_64-linux-gnu/libnss_nis-2.15.so
7fed0e0e9000-7fed0e0ea000 rw-p 0000b000 08:05 791187                     /lib/x86_64-linux-gnu/libnss_nis-2.15.so
7fed0e0ea000-7fed0e101000 r-xp 00000000 08:05 792272                     /lib/x86_64-linux-gnu/libnsl-2.15.so
7fed0e101000-7fed0e300000 ---p 00017000 08:05 792272                     /lib/x86_64-linux-gnu/libnsl-2.15.so
7fed0e300000-7fed0e301000 r--p 00016000 08:05 792272                     /lib/x86_64-linux-gnu/libnsl-2.15.so
7fed0e301000-7fed0e302000 rw-p 00017000 08:05 792272                     /lib/x86_64-linux-gnu/libnsl-2.15.so
7fed0e302000-7fed0e304000 rw-p 00000000 00:00 0 
7fed0e304000-7fed0e30c000 r-xp 00000000 08:05 791082                     /lib/x86_64-linux-gnu/libnss_compat-2.15.so
7fed0e30c000-7fed0e50b000 ---p 00008000 08:05 791082                     /lib/x86_64-linux-gnu/libnss_compat-2.15.so
7fed0e50b000-7fed0e50c000 r--p 00007000 08:05 791082                     /lib/x86_64-linux-gnu/libnss_compat-2.15.so
7fed0e50c000-7fed0e50d000 rw-p 00008000 08:05 791082                     /lib/x86_64-linux-gnu/libnss_compat-2.15.so
7fed0e50d000-7fed0e539000 r-xp 00000000 08:05 1448049                    /usr/lib/jvm/java-6-openjdk-amd64/jre/lib/amd64/libjava.so
7fed0e539000-7fed0e738000 ---p 0002c000 08:05 1448049                    /usr/lib/jvm/java-6-openjdk-amd64/jre/lib/amd64/libjava.so
7fed0e738000-7fed0e739000 r--p 0002b000 08:05 1448049                    /usr/lib/jvm/java-6-openjdk-amd64/jre/lib/amd64/libjava.so
7fed0e739000-7fed0e73c000 rw-p 0002c000 08:05 1448049                    /usr/lib/jvm/java-6-openjdk-amd64/jre/lib/amd64/libjava.so
7fed0e73c000-7fed0e74a000 r-xp 00000000 08:05 1448062                    /usr/lib/jvm/java-6-openjdk-amd64/jre/lib/amd64/libverify.so
7fed0e74a000-7fed0e949000 ---p 0000e000 08:05 1448062                    /usr/lib/jvm/java-6-openjdk-amd64/jre/lib/amd64/libverify.so
7fed0e949000-7fed0e94b000 r--p 0000d000 08:05 1448062                    /usr/lib/jvm/java-6-openjdk-amd64/jre/lib/amd64/libverify.so
7fed0e94b000-7fed0e94c000 rw-p 0000f000 08:05 1448062                    /usr/lib/jvm/java-6-openjdk-amd64/jre/lib/amd64/libverify.so
7fed0e94c000-7fed0e953000 r-xp 00000000 08:05 791186                     /lib/x86_64-linux-gnu/librt-2.15.so
7fed0e953000-7fed0eb52000 ---p 00007000 08:05 791186                     /lib/x86_64-linux-gnu/librt-2.15.so
7fed0eb52000-7fed0eb53000 r--p 00006000 08:05 791186                     /lib/x86_64-linux-gnu/librt-2.15.so
7fed0eb53000-7fed0eb54000 rw-p 00007000 08:05 791186                     /lib/x86_64-linux-gnu/librt-2.15.so
7fed0eb54000-7fed0eb69000 r-xp 00000000 08:05 790413                     /lib/x86_64-linux-gnu/libgcc_s.so.1
7fed0eb69000-7fed0ed68000 ---p 00015000 08:05 790413                     /lib/x86_64-linux-gnu/libgcc_s.so.1
7fed0ed68000-7fed0ed69000 r--p 00014000 08:05 790413                     /lib/x86_64-linux-gnu/libgcc_s.so.1
7fed0ed69000-7fed0ed6a000 rw-p 00015000 08:05 790413                     /lib/x86_64-linux-gnu/libgcc_s.so.1
7fed0ed6a000-7fed0ee65000 r-xp 00000000 08:05 791216                     /lib/x86_64-linux-gnu/libm-2.15.so
7fed0ee65000-7fed0f064000 ---p 000fb000 08:05 791216                     /lib/x86_64-linux-gnu/libm-2.15.so
7fed0f064000-7fed0f065000 r--p 000fa000 08:05 791216                     /lib/x86_64-linux-gnu/libm-2.15.so
7fed0f065000-7fed0f066000 rw-p 000fb000 08:05 791216                     /lib/x86_64-linux-gnu/libm-2.15.so
7fed0f066000-7fed0f148000 r-xp 00000000 08:05 1450464                    /usr/lib/x86_64-linux-gnu/libstdc++.so.6.0.16
7fed0f148000-7fed0f347000 ---p 000e2000 08:05 1450464                    /usr/lib/x86_64-linux-gnu/libstdc++.so.6.0.16
7fed0f347000-7fed0f34f000 r--p 000e1000 08:05 1450464                    /usr/lib/x86_64-linux-gnu/libstdc++.so.6.0.16
7fed0f34f000-7fed0f351000 rw-p 000e9000 08:05 1450464                    /usr/lib/x86_64-linux-gnu/libstdc++.so.6.0.16
7fed0f351000-7fed0f366000 rw-p 00000000 00:00 0 
7fed0f366000-7fed0fc66000 r-xp 00000000 08:05 1448077                    /usr/lib/jvm/java-6-openjdk-amd64/jre/lib/amd64/server/libjvm.so
7fed0fc66000-7fed0fe66000 ---p 00900000 08:05 1448077                    /usr/lib/jvm/java-6-openjdk-amd64/jre/lib/amd64/server/libjvm.so
7fed0fe66000-7fed0fee7000 r--p 00900000 08:05 1448077                    /usr/lib/jvm/java-6-openjdk-amd64/jre/lib/amd64/server/libjvm.so
7fed0fee7000-7fed0ff02000 rw-p 00981000 08:05 1448077                    /usr/lib/jvm/java-6-openjdk-amd64/jre/lib/amd64/server/libjvm.so
7fed0ff02000-7fed0ff2b000 rw-p 00000000 00:00 0 
7fed0ff2b000-7fed0ff41000 r-xp 00000000 08:05 790503                     /lib/x86_64-linux-gnu/libz.so.1.2.3.4
7fed0ff41000-7fed10140000 ---p 00016000 08:05 790503                     /lib/x86_64-linux-gnu/libz.so.1.2.3.4
7fed10140000-7fed10141000 r--p 00015000 08:05 790503                     /lib/x86_64-linux-gnu/libz.so.1.2.3.4
7fed10141000-7fed10142000 rw-p 00016000 08:05 790503                     /lib/x86_64-linux-gnu/libz.so.1.2.3.4
7fed10142000-7fed102f7000 r-xp 00000000 08:05 790833                     /lib/x86_64-linux-gnu/libc-2.15.so
7fed102f7000-7fed104f7000 ---p 001b5000 08:05 790833                     /lib/x86_64-linux-gnu/libc-2.15.so
7fed104f7000-7fed104fb000 r--p 001b5000 08:05 790833                     /lib/x86_64-linux-gnu/libc-2.15.so
7fed104fb000-7fed104fd000 rw-p 001b9000 08:05 790833                     /lib/x86_64-linux-gnu/libc-2.15.so
7fed104fd000-7fed10502000 rw-p 00000000 00:00 0 
7fed10502000-7fed10504000 r-xp 00000000 08:05 791292                     /lib/x86_64-linux-gnu/libdl-2.15.so
7fed10504000-7fed10704000 ---p 00002000 08:05 791292                     /lib/x86_64-linux-gnu/libdl-2.15.so
7fed10704000-7fed10705000 r--p 00002000 08:05 791292                     /lib/x86_64-linux-gnu/libdl-2.15.so
7fed10705000-7fed10706000 rw-p 00003000 08:05 791292                     /lib/x86_64-linux-gnu/libdl-2.15.so
7fed10706000-7fed1070a000 r-xp 00000000 08:05 1448083                    /usr/lib/jvm/java-6-openjdk-amd64/jre/lib/amd64/jli/libjli.so
7fed1070a000-7fed10909000 ---p 00004000 08:05 1448083                    /usr/lib/jvm/java-6-openjdk-amd64/jre/lib/amd64/jli/libjli.so
7fed10909000-7fed1090a000 r--p 00003000 08:05 1448083                    /usr/lib/jvm/java-6-openjdk-amd64/jre/lib/amd64/jli/libjli.so
7fed1090a000-7fed1090b000 rw-p 00004000 08:05 1448083                    /usr/lib/jvm/java-6-openjdk-amd64/jre/lib/amd64/jli/libjli.so
7fed1090b000-7fed10923000 r-xp 00000000 08:05 791214                     /lib/x86_64-linux-gnu/libpthread-2.15.so
7fed10923000-7fed10b22000 ---p 00018000 08:05 791214                     /lib/x86_64-linux-gnu/libpthread-2.15.so
7fed10b22000-7fed10b23000 r--p 00017000 08:05 791214                     /lib/x86_64-linux-gnu/libpthread-2.15.so
7fed10b23000-7fed10b24000 rw-p 00018000 08:05 791214                     /lib/x86_64-linux-gnu/libpthread-2.15.so
7fed10b24000-7fed10b28000 rw-p 00000000 00:00 0 
7fed10b28000-7fed10b4a000 r-xp 00000000 08:05 791218                     /lib/x86_64-linux-gnu/ld-2.15.so
7fed10b6d000-7fed10b77000 rw-p 00000000 00:00 0 
7fed10b77000-7fed10c2d000 rw-p 00000000 00:00 0 
7fed10c2d000-7fed10c30000 ---p 00000000 00:00 0 
7fed10c30000-7fed10d33000 rw-p 00000000 00:00 0                          [stack:2843]
7fed10d3e000-7fed10d46000 rw-s 00000000 08:05 1973933                    /tmp/hsperfdata_tika/2839
7fed10d46000-7fed10d47000 rw-p 00000000 00:00 0 
7fed10d47000-7fed10d48000 r--p 00000000 00:00 0 
7fed10d48000-7fed10d4a000 rw-p 00000000 00:00 0 
7fed10d4a000-7fed10d4b000 r--p 00022000 08:05 791218                     /lib/x86_64-linux-gnu/ld-2.15.so
7fed10d4b000-7fed10d4d000 rw-p 00023000 08:05 791218                     /lib/x86_64-linux-gnu/ld-2.15.so
7fff13085000-7fff130a6000 rw-p 00000000 00:00 0                          [stack]
7fff131fe000-7fff13200000 r-xp 00000000 00:00 0                          [vdso]
ffffffffff600000-ffffffffff601000 r-xp 00000000 00:00 0                  [vsyscall]

VM Arguments:
jvm_args: -Dfile.encoding=UTF-8 -Xbootclasspath:/home/tika/eclipse/sdk/platforms/android-19/android.jar 
java_command: edu.gatech.financialapplication.DateGrabber
Launcher Type: SUN_STANDARD

Environment Variables:
PATH=/usr/lib/lightdm/lightdm:/usr/local/sbin:/usr/local/bin:/usr/sbin:/usr/bin:/sbin:/bin:/usr/games
LD_LIBRARY_PATH=/usr/lib/jvm/java-6-openjdk-amd64/jre/lib/amd64/server:/usr/lib/jvm/java-6-openjdk-amd64/jre/lib/amd64:/usr/lib/jvm/java-6-openjdk-amd64/jre/../lib/amd64
SHELL=/bin/bash
DISPLAY=:0.0

Signal Handlers:
SIGSEGV: [libjvm.so+0x7837c0], sa_mask[0]=0x7ffbfeff, sa_flags=0x10000004
SIGBUS: [libjvm.so+0x7837c0], sa_mask[0]=0x7ffbfeff, sa_flags=0x10000004
SIGFPE: [libjvm.so+0x647740], sa_mask[0]=0x7ffbfeff, sa_flags=0x10000004
SIGPIPE: [libjvm.so+0x647740], sa_mask[0]=0x7ffbfeff, sa_flags=0x10000004
SIGXFSZ: [libjvm.so+0x647740], sa_mask[0]=0x7ffbfeff, sa_flags=0x10000004
SIGILL: [libjvm.so+0x647740], sa_mask[0]=0x7ffbfeff, sa_flags=0x10000004
SIGUSR1: SIG_DFL, sa_mask[0]=0x00000000, sa_flags=0x00000000
SIGUSR2: [libjvm.so+0x647920], sa_mask[0]=0x00000004, sa_flags=0x10000004
SIGHUP: SIG_DFL, sa_mask[0]=0x00000000, sa_flags=0x00000000
SIGINT: SIG_DFL, sa_mask[0]=0x00000000, sa_flags=0x00000000
SIGTERM: SIG_DFL, sa_mask[0]=0x00000000, sa_flags=0x00000000
SIGQUIT: SIG_DFL, sa_mask[0]=0x00000000, sa_flags=0x00000000


---------------  S Y S T E M  ---------------

OS:Ubuntu 12.04 (precise)
uname:Linux 3.8.0-34-generic #49~precise1-Ubuntu SMP Wed Nov 13 18:05:00 UTC 2013 x86_64
libc:glibc 2.15 NPTL 2.15 
rlimit: STACK 8192k, CORE 0k, NPROC 29072, NOFILE 4096, AS infinity
load average:0.35 0.80 0.53

/proc/meminfo:
MemTotal:        3740224 kB
MemFree:          859544 kB
Buffers:           58248 kB
Cached:          1095400 kB
SwapCached:            0 kB
Active:          1864848 kB
Inactive:         828448 kB
Active(anon):    1550704 kB
Inactive(anon):   269684 kB
Active(file):     314144 kB
Inactive(file):   558764 kB
Unevictable:          16 kB
Mlocked:              16 kB
SwapTotal:       3878908 kB
SwapFree:        3878908 kB
Dirty:                48 kB
Writeback:             0 kB
AnonPages:       1539560 kB
Mapped:           215004 kB
Shmem:            280632 kB
Slab:              93224 kB
SReclaimable:      65500 kB
SUnreclaim:        27724 kB
KernelStack:        3656 kB
PageTables:        35248 kB
NFS_Unstable:          0 kB
Bounce:                0 kB
WritebackTmp:          0 kB
CommitLimit:     5749020 kB
Committed_AS:    4490528 kB
VmallocTotal:   34359738367 kB
VmallocUsed:      348072 kB
VmallocChunk:   34359386588 kB
HardwareCorrupted:     0 kB
AnonHugePages:         0 kB
HugePages_Total:       0
HugePages_Free:        0
HugePages_Rsvd:        0
HugePages_Surp:        0
Hugepagesize:       2048 kB
DirectMap4k:       55296 kB
DirectMap2M:     3846144 kB


CPU:total 2 (2 cores per cpu, 1 threads per core) family 6 model 58 stepping 9, cmov, cx8, fxsr, mmx, sse, sse2, sse3, ssse3, sse4.1, sse4.2, popcnt

Memory: 4k page, physical 3740224k(859544k free), swap 3878908k(3878908k free)

vm_info: OpenJDK 64-Bit Server VM (20.0-b12) for linux-amd64 JRE (1.6.0_27-b27), built on Nov 16 2013 15:13:05 by "buildd" with gcc 4.6.3

time: Thu Mar 20 11:12:58 2014
elapsed time: 0 seconds

