#
# A fatal error has been detected by the Java Runtime Environment:
#
#  Internal Error (classFileParser.cpp:3494), pid=3180, tid=139719240722176
#  Error: ShouldNotReachHere()
#
# JRE version: 6.0_27-b27
# Java VM: OpenJDK 64-Bit Server VM (20.0-b12 mixed mode linux-amd64 compressed oops)
# Derivative: IcedTea6 1.12.6
# Distribution: Ubuntu 12.04 LTS, package 6b27-1.12.6-1ubuntu0.12.04.4
# If you would like to submit a bug report, please include
# instructions how to reproduce the bug and visit:
#   https://bugs.launchpad.net/ubuntu/+source/openjdk-6/
#

---------------  T H R E A D  ---------------

Current thread (0x00007f12e4007800):  JavaThread "Unknown thread" [_thread_in_vm, id=3181, stack(0x00007f12eba62000,0x00007f12ebb63000)]

Stack: [0x00007f12eba62000,0x00007f12ebb63000],  sp=0x00007f12ebb61080,  free space=1020k
Native frames: (J=compiled Java code, j=interpreted, Vv=VM code, C=native code)
V  [libjvm.so+0x782b85]  VMError::report(outputStream*)+0x1255
V  [libjvm.so+0x782e09]  VMError::report_and_die()+0x169
V  [libjvm.so+0x3ba51a]  report_vm_error(char const*, int, char const*, char const*)+0x4a
V  [libjvm.so+0x3508f5]  ClassFileParser::parseClassFile(symbolHandle, Handle, Handle, KlassHandle, GrowableArray<Handle>*, symbolHandle&, bool, Thread*)+0x1555
V  [libjvm.so+0x354b63]  ClassLoader::load_classfile(symbolHandle, Thread*)+0x1f3
V  [libjvm.so+0x71ad84]  SystemDictionary::load_instance_class(symbolHandle, Handle, Thread*)+0x354
V  [libjvm.so+0x719480]  SystemDictionary::resolve_instance_class_or_null(symbolHandle, Handle, Handle, Thread*)+0x7c0
V  [libjvm.so+0x71b413]  SystemDictionary::resolve_or_fail(symbolHandle, Handle, Handle, bool, Thread*)+0x33
V  [libjvm.so+0x71b4f4]  SystemDictionary::resolve_or_fail(symbolHandle, bool, Thread*)+0x14
V  [libjvm.so+0x71b5a0]  SystemDictionary::initialize_wk_klass(SystemDictionary::WKID, int, Thread*)+0xa0
V  [libjvm.so+0x71b609]  SystemDictionary::initialize_wk_klasses_until(SystemDictionary::WKID, SystemDictionary::WKID&, Thread*)+0x59
V  [libjvm.so+0x71b701]  SystemDictionary::initialize_preloaded_classes(Thread*)+0x71
V  [libjvm.so+0x75ee1f]  Universe::genesis(Thread*)+0x11f
V  [libjvm.so+0x75f7cf]  universe2_init()+0x1f
V  [libjvm.so+0x472de5]  init_globals()+0x95
V  [libjvm.so+0x74961a]  Threads::create_vm(JavaVMInitArgs*, bool*)+0x1ea
V  [libjvm.so+0x4cccb1]  JNI_CreateJavaVM+0x61
C  [java+0x31ae]  JavaMain+0x7e


---------------  P R O C E S S  ---------------

Java Threads: ( => current thread )

Other Threads:

=>0x00007f12e4007800 (exited) JavaThread "Unknown thread" [_thread_in_vm, id=3181, stack(0x00007f12eba62000,0x00007f12ebb63000)]

VM state:not at safepoint (not fully initialized)

VM Mutex/Monitor currently owned by a thread: None

Dynamic libraries:
00400000-00409000 r-xp 00000000 08:05 1448104                            /usr/lib/jvm/java-6-openjdk-amd64/jre/bin/java
00608000-00609000 r--p 00008000 08:05 1448104                            /usr/lib/jvm/java-6-openjdk-amd64/jre/bin/java
00609000-0060a000 rw-p 00009000 08:05 1448104                            /usr/lib/jvm/java-6-openjdk-amd64/jre/bin/java
00e06000-00e27000 rw-p 00000000 00:00 0                                  [heap]
bc800000-bdcc0000 rw-p 00000000 00:00 0 
bdcc0000-c6e00000 rw-p 00000000 00:00 0 
c6e00000-c9420000 rw-p 00000000 00:00 0 
c9420000-ecf60000 rw-p 00000000 00:00 0 
ecf60000-ee260000 rw-p 00000000 00:00 0 
ee260000-100000000 rw-p 00000000 00:00 0 
7f12d4000000-7f12d4021000 rw-p 00000000 00:00 0 
7f12d4021000-7f12d8000000 ---p 00000000 00:00 0 
7f12dc000000-7f12dc021000 rw-p 00000000 00:00 0 
7f12dc021000-7f12e0000000 ---p 00000000 00:00 0 
7f12e1000000-7f12e1270000 rwxp 00000000 00:00 0 
7f12e1270000-7f12e4080000 rw-p 00000000 00:00 0 
7f12e4080000-7f12e8000000 ---p 00000000 00:00 0 
7f12e825c000-7f12e8333000 r--s 013f2000 08:05 669417                     /home/tika/eclipse/sdk/platforms/android-19/android.jar
7f12e8333000-7f12e835b000 rw-p 00000000 00:00 0 
7f12e835b000-7f12e835c000 ---p 00000000 00:00 0 
7f12e835c000-7f12e845c000 rw-p 00000000 00:00 0                          [stack:3187]
7f12e845c000-7f12e845d000 ---p 00000000 00:00 0 
7f12e845d000-7f12e8568000 rw-p 00000000 00:00 0                          [stack:3186]
7f12e8568000-7f12e85b0000 rw-p 00000000 00:00 0 
7f12e85b0000-7f12e85c4000 rw-p 00000000 00:00 0 
7f12e85c4000-7f12e86e1000 rw-p 00000000 00:00 0 
7f12e86e1000-7f12e86ec000 rw-p 00000000 00:00 0 
7f12e86ec000-7f12e8734000 rw-p 00000000 00:00 0 
7f12e8734000-7f12e8748000 rw-p 00000000 00:00 0 
7f12e8748000-7f12e8864000 rw-p 00000000 00:00 0 
7f12e8864000-7f12e886f000 rw-p 00000000 00:00 0 
7f12e886f000-7f12e88fd000 rw-p 00000000 00:00 0 
7f12e88fd000-7f12e88fe000 rw-p 00000000 00:00 0 
7f12e88fe000-7f12e8905000 r-xp 00000000 08:05 1448053                    /usr/lib/jvm/java-6-openjdk-amd64/jre/lib/amd64/libzip.so
7f12e8905000-7f12e8b04000 ---p 00007000 08:05 1448053                    /usr/lib/jvm/java-6-openjdk-amd64/jre/lib/amd64/libzip.so
7f12e8b04000-7f12e8b05000 r--p 00006000 08:05 1448053                    /usr/lib/jvm/java-6-openjdk-amd64/jre/lib/amd64/libzip.so
7f12e8b05000-7f12e8b06000 rw-p 00007000 08:05 1448053                    /usr/lib/jvm/java-6-openjdk-amd64/jre/lib/amd64/libzip.so
7f12e8b06000-7f12e8b12000 r-xp 00000000 08:05 791086                     /lib/x86_64-linux-gnu/libnss_files-2.15.so
7f12e8b12000-7f12e8d11000 ---p 0000c000 08:05 791086                     /lib/x86_64-linux-gnu/libnss_files-2.15.so
7f12e8d11000-7f12e8d12000 r--p 0000b000 08:05 791086                     /lib/x86_64-linux-gnu/libnss_files-2.15.so
7f12e8d12000-7f12e8d13000 rw-p 0000c000 08:05 791086                     /lib/x86_64-linux-gnu/libnss_files-2.15.so
7f12e8d13000-7f12e8d1d000 r-xp 00000000 08:05 791187                     /lib/x86_64-linux-gnu/libnss_nis-2.15.so
7f12e8d1d000-7f12e8f1d000 ---p 0000a000 08:05 791187                     /lib/x86_64-linux-gnu/libnss_nis-2.15.so
7f12e8f1d000-7f12e8f1e000 r--p 0000a000 08:05 791187                     /lib/x86_64-linux-gnu/libnss_nis-2.15.so
7f12e8f1e000-7f12e8f1f000 rw-p 0000b000 08:05 791187                     /lib/x86_64-linux-gnu/libnss_nis-2.15.so
7f12e8f1f000-7f12e8f36000 r-xp 00000000 08:05 792272                     /lib/x86_64-linux-gnu/libnsl-2.15.so
7f12e8f36000-7f12e9135000 ---p 00017000 08:05 792272                     /lib/x86_64-linux-gnu/libnsl-2.15.so
7f12e9135000-7f12e9136000 r--p 00016000 08:05 792272                     /lib/x86_64-linux-gnu/libnsl-2.15.so
7f12e9136000-7f12e9137000 rw-p 00017000 08:05 792272                     /lib/x86_64-linux-gnu/libnsl-2.15.so
7f12e9137000-7f12e9139000 rw-p 00000000 00:00 0 
7f12e9139000-7f12e9141000 r-xp 00000000 08:05 791082                     /lib/x86_64-linux-gnu/libnss_compat-2.15.so
7f12e9141000-7f12e9340000 ---p 00008000 08:05 791082                     /lib/x86_64-linux-gnu/libnss_compat-2.15.so
7f12e9340000-7f12e9341000 r--p 00007000 08:05 791082                     /lib/x86_64-linux-gnu/libnss_compat-2.15.so
7f12e9341000-7f12e9342000 rw-p 00008000 08:05 791082                     /lib/x86_64-linux-gnu/libnss_compat-2.15.so
7f12e9342000-7f12e936e000 r-xp 00000000 08:05 1448049                    /usr/lib/jvm/java-6-openjdk-amd64/jre/lib/amd64/libjava.so
7f12e936e000-7f12e956d000 ---p 0002c000 08:05 1448049                    /usr/lib/jvm/java-6-openjdk-amd64/jre/lib/amd64/libjava.so
7f12e956d000-7f12e956e000 r--p 0002b000 08:05 1448049                    /usr/lib/jvm/java-6-openjdk-amd64/jre/lib/amd64/libjava.so
7f12e956e000-7f12e9571000 rw-p 0002c000 08:05 1448049                    /usr/lib/jvm/java-6-openjdk-amd64/jre/lib/amd64/libjava.so
7f12e9571000-7f12e957f000 r-xp 00000000 08:05 1448062                    /usr/lib/jvm/java-6-openjdk-amd64/jre/lib/amd64/libverify.so
7f12e957f000-7f12e977e000 ---p 0000e000 08:05 1448062                    /usr/lib/jvm/java-6-openjdk-amd64/jre/lib/amd64/libverify.so
7f12e977e000-7f12e9780000 r--p 0000d000 08:05 1448062                    /usr/lib/jvm/java-6-openjdk-amd64/jre/lib/amd64/libverify.so
7f12e9780000-7f12e9781000 rw-p 0000f000 08:05 1448062                    /usr/lib/jvm/java-6-openjdk-amd64/jre/lib/amd64/libverify.so
7f12e9781000-7f12e9788000 r-xp 00000000 08:05 791186                     /lib/x86_64-linux-gnu/librt-2.15.so
7f12e9788000-7f12e9987000 ---p 00007000 08:05 791186                     /lib/x86_64-linux-gnu/librt-2.15.so
7f12e9987000-7f12e9988000 r--p 00006000 08:05 791186                     /lib/x86_64-linux-gnu/librt-2.15.so
7f12e9988000-7f12e9989000 rw-p 00007000 08:05 791186                     /lib/x86_64-linux-gnu/librt-2.15.so
7f12e9989000-7f12e999e000 r-xp 00000000 08:05 790413                     /lib/x86_64-linux-gnu/libgcc_s.so.1
7f12e999e000-7f12e9b9d000 ---p 00015000 08:05 790413                     /lib/x86_64-linux-gnu/libgcc_s.so.1
7f12e9b9d000-7f12e9b9e000 r--p 00014000 08:05 790413                     /lib/x86_64-linux-gnu/libgcc_s.so.1
7f12e9b9e000-7f12e9b9f000 rw-p 00015000 08:05 790413                     /lib/x86_64-linux-gnu/libgcc_s.so.1
7f12e9b9f000-7f12e9c9a000 r-xp 00000000 08:05 791216                     /lib/x86_64-linux-gnu/libm-2.15.so
7f12e9c9a000-7f12e9e99000 ---p 000fb000 08:05 791216                     /lib/x86_64-linux-gnu/libm-2.15.so
7f12e9e99000-7f12e9e9a000 r--p 000fa000 08:05 791216                     /lib/x86_64-linux-gnu/libm-2.15.so
7f12e9e9a000-7f12e9e9b000 rw-p 000fb000 08:05 791216                     /lib/x86_64-linux-gnu/libm-2.15.so
7f12e9e9b000-7f12e9f7d000 r-xp 00000000 08:05 1450464                    /usr/lib/x86_64-linux-gnu/libstdc++.so.6.0.16
7f12e9f7d000-7f12ea17c000 ---p 000e2000 08:05 1450464                    /usr/lib/x86_64-linux-gnu/libstdc++.so.6.0.16
7f12ea17c000-7f12ea184000 r--p 000e1000 08:05 1450464                    /usr/lib/x86_64-linux-gnu/libstdc++.so.6.0.16
7f12ea184000-7f12ea186000 rw-p 000e9000 08:05 1450464                    /usr/lib/x86_64-linux-gnu/libstdc++.so.6.0.16
7f12ea186000-7f12ea19b000 rw-p 00000000 00:00 0 
7f12ea19b000-7f12eaa9b000 r-xp 00000000 08:05 1448077                    /usr/lib/jvm/java-6-openjdk-amd64/jre/lib/amd64/server/libjvm.so
7f12eaa9b000-7f12eac9b000 ---p 00900000 08:05 1448077                    /usr/lib/jvm/java-6-openjdk-amd64/jre/lib/amd64/server/libjvm.so
7f12eac9b000-7f12ead1c000 r--p 00900000 08:05 1448077                    /usr/lib/jvm/java-6-openjdk-amd64/jre/lib/amd64/server/libjvm.so
7f12ead1c000-7f12ead37000 rw-p 00981000 08:05 1448077                    /usr/lib/jvm/java-6-openjdk-amd64/jre/lib/amd64/server/libjvm.so
7f12ead37000-7f12ead60000 rw-p 00000000 00:00 0 
7f12ead60000-7f12ead76000 r-xp 00000000 08:05 790503                     /lib/x86_64-linux-gnu/libz.so.1.2.3.4
7f12ead76000-7f12eaf75000 ---p 00016000 08:05 790503                     /lib/x86_64-linux-gnu/libz.so.1.2.3.4
7f12eaf75000-7f12eaf76000 r--p 00015000 08:05 790503                     /lib/x86_64-linux-gnu/libz.so.1.2.3.4
7f12eaf76000-7f12eaf77000 rw-p 00016000 08:05 790503                     /lib/x86_64-linux-gnu/libz.so.1.2.3.4
7f12eaf77000-7f12eb12c000 r-xp 00000000 08:05 790833                     /lib/x86_64-linux-gnu/libc-2.15.so
7f12eb12c000-7f12eb32c000 ---p 001b5000 08:05 790833                     /lib/x86_64-linux-gnu/libc-2.15.so
7f12eb32c000-7f12eb330000 r--p 001b5000 08:05 790833                     /lib/x86_64-linux-gnu/libc-2.15.so
7f12eb330000-7f12eb332000 rw-p 001b9000 08:05 790833                     /lib/x86_64-linux-gnu/libc-2.15.so
7f12eb332000-7f12eb337000 rw-p 00000000 00:00 0 
7f12eb337000-7f12eb339000 r-xp 00000000 08:05 791292                     /lib/x86_64-linux-gnu/libdl-2.15.so
7f12eb339000-7f12eb539000 ---p 00002000 08:05 791292                     /lib/x86_64-linux-gnu/libdl-2.15.so
7f12eb539000-7f12eb53a000 r--p 00002000 08:05 791292                     /lib/x86_64-linux-gnu/libdl-2.15.so
7f12eb53a000-7f12eb53b000 rw-p 00003000 08:05 791292                     /lib/x86_64-linux-gnu/libdl-2.15.so
7f12eb53b000-7f12eb53f000 r-xp 00000000 08:05 1448083                    /usr/lib/jvm/java-6-openjdk-amd64/jre/lib/amd64/jli/libjli.so
7f12eb53f000-7f12eb73e000 ---p 00004000 08:05 1448083                    /usr/lib/jvm/java-6-openjdk-amd64/jre/lib/amd64/jli/libjli.so
7f12eb73e000-7f12eb73f000 r--p 00003000 08:05 1448083                    /usr/lib/jvm/java-6-openjdk-amd64/jre/lib/amd64/jli/libjli.so
7f12eb73f000-7f12eb740000 rw-p 00004000 08:05 1448083                    /usr/lib/jvm/java-6-openjdk-amd64/jre/lib/amd64/jli/libjli.so
7f12eb740000-7f12eb758000 r-xp 00000000 08:05 791214                     /lib/x86_64-linux-gnu/libpthread-2.15.so
7f12eb758000-7f12eb957000 ---p 00018000 08:05 791214                     /lib/x86_64-linux-gnu/libpthread-2.15.so
7f12eb957000-7f12eb958000 r--p 00017000 08:05 791214                     /lib/x86_64-linux-gnu/libpthread-2.15.so
7f12eb958000-7f12eb959000 rw-p 00018000 08:05 791214                     /lib/x86_64-linux-gnu/libpthread-2.15.so
7f12eb959000-7f12eb95d000 rw-p 00000000 00:00 0 
7f12eb95d000-7f12eb97f000 r-xp 00000000 08:05 791218                     /lib/x86_64-linux-gnu/ld-2.15.so
7f12eb9a2000-7f12eb9ac000 rw-p 00000000 00:00 0 
7f12eb9ac000-7f12eba62000 rw-p 00000000 00:00 0 
7f12eba62000-7f12eba65000 ---p 00000000 00:00 0 
7f12eba65000-7f12ebb68000 rw-p 00000000 00:00 0                          [stack:3181]
7f12ebb73000-7f12ebb7b000 rw-s 00000000 08:05 1973933                    /tmp/hsperfdata_tika/3180
7f12ebb7b000-7f12ebb7c000 rw-p 00000000 00:00 0 
7f12ebb7c000-7f12ebb7d000 r--p 00000000 00:00 0 
7f12ebb7d000-7f12ebb7f000 rw-p 00000000 00:00 0 
7f12ebb7f000-7f12ebb80000 r--p 00022000 08:05 791218                     /lib/x86_64-linux-gnu/ld-2.15.so
7f12ebb80000-7f12ebb82000 rw-p 00023000 08:05 791218                     /lib/x86_64-linux-gnu/ld-2.15.so
7fff3766d000-7fff3768e000 rw-p 00000000 00:00 0                          [stack]
7fff376df000-7fff376e1000 r-xp 00000000 00:00 0                          [vdso]
ffffffffff600000-ffffffffff601000 r-xp 00000000 00:00 0                  [vsyscall]

VM Arguments:
jvm_args: -Dfile.encoding=UTF-8 -Xbootclasspath:/home/tika/eclipse/sdk/platforms/android-19/android.jar 
java_command: edu.gatech.financialapplication.DateGrabber
Launcher Type: SUN_STANDARD

Environment Variables:
PATH=/usr/lib/lightdm/lightdm:/usr/local/sbin:/usr/local/bin:/usr/sbin:/usr/bin:/sbin:/bin:/usr/games
LD_LIBRARY_PATH=/usr/lib/jvm/java-6-openjdk-amd64/jre/lib/amd64/server:/usr/lib/jvm/java-6-openjdk-amd64/jre/lib/amd64:/usr/lib/jvm/java-6-openjdk-amd64/jre/../lib/amd64
SHELL=/bin/bash
DISPLAY=:0.0

Signal Handlers:
SIGSEGV: [libjvm.so+0x7837c0], sa_mask[0]=0x7ffbfeff, sa_flags=0x10000004
SIGBUS: [libjvm.so+0x7837c0], sa_mask[0]=0x7ffbfeff, sa_flags=0x10000004
SIGFPE: [libjvm.so+0x647740], sa_mask[0]=0x7ffbfeff, sa_flags=0x10000004
SIGPIPE: [libjvm.so+0x647740], sa_mask[0]=0x7ffbfeff, sa_flags=0x10000004
SIGXFSZ: [libjvm.so+0x647740], sa_mask[0]=0x7ffbfeff, sa_flags=0x10000004
SIGILL: [libjvm.so+0x647740], sa_mask[0]=0x7ffbfeff, sa_flags=0x10000004
SIGUSR1: SIG_DFL, sa_mask[0]=0x00000000, sa_flags=0x00000000
SIGUSR2: [libjvm.so+0x647920], sa_mask[0]=0x00000004, sa_flags=0x10000004
SIGHUP: SIG_DFL, sa_mask[0]=0x00000000, sa_flags=0x00000000
SIGINT: SIG_DFL, sa_mask[0]=0x00000000, sa_flags=0x00000000
SIGTERM: SIG_DFL, sa_mask[0]=0x00000000, sa_flags=0x00000000
SIGQUIT: SIG_DFL, sa_mask[0]=0x00000000, sa_flags=0x00000000


---------------  S Y S T E M  ---------------

OS:Ubuntu 12.04 (precise)
uname:Linux 3.8.0-34-generic #49~precise1-Ubuntu SMP Wed Nov 13 18:05:00 UTC 2013 x86_64
libc:glibc 2.15 NPTL 2.15 
rlimit: STACK 8192k, CORE 0k, NPROC 29072, NOFILE 4096, AS infinity
load average:0.61 0.83 0.55

/proc/meminfo:
MemTotal:        3740224 kB
MemFree:          827712 kB
Buffers:           62052 kB
Cached:          1116480 kB
SwapCached:            0 kB
Active:          1917140 kB
Inactive:         801252 kB
Active(anon):    1550872 kB
Inactive(anon):   261604 kB
Active(file):     366268 kB
Inactive(file):   539648 kB
Unevictable:          16 kB
Mlocked:              16 kB
SwapTotal:       3878908 kB
SwapFree:        3878908 kB
Dirty:                28 kB
Writeback:             0 kB
AnonPages:       1539744 kB
Mapped:           215448 kB
Shmem:            272616 kB
Slab:             100340 kB
SReclaimable:      72536 kB
SUnreclaim:        27804 kB
KernelStack:        3656 kB
PageTables:        35248 kB
NFS_Unstable:          0 kB
Bounce:                0 kB
WritebackTmp:          0 kB
CommitLimit:     5749020 kB
Committed_AS:    4483748 kB
VmallocTotal:   34359738367 kB
VmallocUsed:      348072 kB
VmallocChunk:   34359386588 kB
HardwareCorrupted:     0 kB
AnonHugePages:         0 kB
HugePages_Total:       0
HugePages_Free:        0
HugePages_Rsvd:        0
HugePages_Surp:        0
Hugepagesize:       2048 kB
DirectMap4k:       55296 kB
DirectMap2M:     3846144 kB


CPU:total 2 (2 cores per cpu, 1 threads per core) family 6 model 58 stepping 9, cmov, cx8, fxsr, mmx, sse, sse2, sse3, ssse3, sse4.1, sse4.2, popcnt

Memory: 4k page, physical 3740224k(827712k free), swap 3878908k(3878908k free)

vm_info: OpenJDK 64-Bit Server VM (20.0-b12) for linux-amd64 JRE (1.6.0_27-b27), built on Nov 16 2013 15:13:05 by "buildd" with gcc 4.6.3

time: Thu Mar 20 11:13:25 2014
elapsed time: 0 seconds

